{"/home/ubuntu/proof-gate/src/core/action-contract.ts": {"path":"/home/ubuntu/proof-gate/src/core/action-contract.ts","statementMap":{"0":{"start":{"line":5,"column":37},"end":{"line":5,"column":null}},"1":{"start":{"line":8,"column":2},"end":{"line":8,"column":null}},"2":{"start":{"line":10,"column":34},"end":{"line":13,"column":null}},"3":{"start":{"line":19,"column":2},"end":{"line":19,"column":null}},"4":{"start":{"line":21,"column":33},"end":{"line":57,"column":null}},"5":{"start":{"line":29,"column":6},"end":{"line":36,"column":null}},"6":{"start":{"line":30,"column":8},"end":{"line":32,"column":null}},"7":{"start":{"line":35,"column":8},"end":{"line":35,"column":null}},"8":{"start":{"line":46,"column":6},"end":{"line":51,"column":null}},"9":{"start":{"line":47,"column":8},"end":{"line":47,"column":null}},"10":{"start":{"line":48,"column":8},"end":{"line":48,"column":null}},"11":{"start":{"line":50,"column":8},"end":{"line":50,"column":null}},"12":{"start":{"line":87,"column":2},"end":{"line":89,"column":null}},"13":{"start":{"line":88,"column":4},"end":{"line":88,"column":null}},"14":{"start":{"line":91,"column":2},"end":{"line":103,"column":null}},"15":{"start":{"line":95,"column":4},"end":{"line":102,"column":null}},"16":{"start":{"line":97,"column":28},"end":{"line":97,"column":46}},"17":{"start":{"line":98,"column":37},"end":{"line":101,"column":9}},"18":{"start":{"line":105,"column":2},"end":{"line":105,"column":null}},"19":{"start":{"line":111,"column":2},"end":{"line":111,"column":null}},"20":{"start":{"line":117,"column":2},"end":{"line":121,"column":null}},"21":{"start":{"line":129,"column":4},"end":{"line":129,"column":null}},"22":{"start":{"line":131,"column":18},"end":{"line":149,"column":null}},"23":{"start":{"line":152,"column":4},"end":{"line":152,"column":null}},"24":{"start":{"line":155,"column":4},"end":{"line":155,"column":null}},"25":{"start":{"line":157,"column":2},"end":{"line":173,"column":null}}},"fnMap":{"0":{"name":"(anonymous_0)","decl":{"start":{"line":28,"column":5},"end":{"line":28,"column":13}},"loc":{"start":{"line":28,"column":23},"end":{"line":37,"column":7}},"line":28},"1":{"name":"(anonymous_1)","decl":{"start":{"line":45,"column":5},"end":{"line":45,"column":13}},"loc":{"start":{"line":45,"column":23},"end":{"line":52,"column":7}},"line":45},"2":{"name":"canonicalizeValue","decl":{"start":{"line":86,"column":9},"end":{"line":86,"column":27}},"loc":{"start":{"line":86,"column":52},"end":{"line":106,"column":null}},"line":86},"3":{"name":"(anonymous_3)","decl":{"start":{"line":97,"column":9},"end":{"line":97,"column":15}},"loc":{"start":{"line":97,"column":28},"end":{"line":97,"column":46}},"line":97},"4":{"name":"(anonymous_4)","decl":{"start":{"line":98,"column":9},"end":{"line":98,"column":14}},"loc":{"start":{"line":98,"column":37},"end":{"line":101,"column":9}},"line":98},"5":{"name":"canonicalize","decl":{"start":{"line":108,"column":16},"end":{"line":108,"column":null}},"loc":{"start":{"line":110,"column":10},"end":{"line":112,"column":null}},"line":110},"6":{"name":"hashCanonicalPayload","decl":{"start":{"line":114,"column":16},"end":{"line":114,"column":null}},"loc":{"start":{"line":116,"column":10},"end":{"line":123,"column":null}},"line":116},"7":{"name":"createActionContract","decl":{"start":{"line":125,"column":16},"end":{"line":125,"column":null}},"loc":{"start":{"line":127,"column":18},"end":{"line":174,"column":null}},"line":127}},"branchMap":{"0":{"loc":{"start":{"line":87,"column":2},"end":{"line":89,"column":null}},"type":"if","locations":[{"start":{"line":87,"column":2},"end":{"line":89,"column":null}},{"start":{},"end":{}}],"line":87},"1":{"loc":{"start":{"line":91,"column":2},"end":{"line":103,"column":null}},"type":"if","locations":[{"start":{"line":91,"column":2},"end":{"line":103,"column":null}},{"start":{},"end":{}}],"line":91},"2":{"loc":{"start":{"line":92,"column":4},"end":{"line":93,"column":null}},"type":"binary-expr","locations":[{"start":{"line":92,"column":4},"end":{"line":92,"column":null}},{"start":{"line":93,"column":4},"end":{"line":93,"column":null}}],"line":92}},"s":{"0":22,"1":22,"2":22,"3":22,"4":22,"5":85,"6":85,"7":0,"8":85,"9":85,"10":85,"11":0,"12":10279,"13":846,"14":9433,"15":1503,"16":15918,"17":8437,"18":7930,"19":436,"20":280,"21":85,"22":85,"23":85,"24":85,"25":85},"f":{"0":85,"1":85,"2":10279,"3":15918,"4":8437,"5":436,"6":280,"7":85},"b":{"0":[846,9433],"1":[1503,7930],"2":[9433,9368]},"meta":{"lastBranch":3,"lastFunction":8,"lastStatement":26,"seen":{"s:5:37:5:Infinity":0,"s:8:2:8:Infinity":1,"s:10:34:13:Infinity":2,"s:19:2:19:Infinity":3,"s:21:33:57:Infinity":4,"f:28:5:28:13":0,"s:29:6:36:Infinity":5,"s:30:8:32:Infinity":6,"s:35:8:35:Infinity":7,"f:45:5:45:13":1,"s:46:6:51:Infinity":8,"s:47:8:47:Infinity":9,"s:48:8:48:Infinity":10,"s:50:8:50:Infinity":11,"f:86:9:86:27":2,"b:87:2:89:Infinity:undefined:undefined:undefined:undefined":0,"s:87:2:89:Infinity":12,"s:88:4:88:Infinity":13,"b:91:2:103:Infinity:undefined:undefined:undefined:undefined":1,"s:91:2:103:Infinity":14,"b:92:4:92:Infinity:93:4:93:Infinity":2,"s:95:4:102:Infinity":15,"f:97:9:97:15":3,"s:97:28:97:46":16,"f:98:9:98:14":4,"s:98:37:101:9":17,"s:105:2:105:Infinity":18,"f:108:16:108:Infinity":5,"s:111:2:111:Infinity":19,"f:114:16:114:Infinity":6,"s:117:2:121:Infinity":20,"f:125:16:125:Infinity":7,"s:129:4:129:Infinity":21,"s:131:18:149:Infinity":22,"s:152:4:152:Infinity":23,"s:155:4:155:Infinity":24,"s:157:2:173:Infinity":25},"fnNames":{}}}
,"/home/ubuntu/proof-gate/src/core/mandate-contract.ts": {"path":"/home/ubuntu/proof-gate/src/core/mandate-contract.ts","statementMap":{"0":{"start":{"line":12,"column":25},"end":{"line":16,"column":null}},"1":{"start":{"line":18,"column":25},"end":{"line":27,"column":null}},"2":{"start":{"line":21,"column":4},"end":{"line":26,"column":null}},"3":{"start":{"line":22,"column":6},"end":{"line":22,"column":null}},"4":{"start":{"line":23,"column":6},"end":{"line":23,"column":null}},"5":{"start":{"line":25,"column":6},"end":{"line":25,"column":null}},"6":{"start":{"line":29,"column":36},"end":{"line":31,"column":null}},"7":{"start":{"line":33,"column":24},"end":{"line":35,"column":null}},"8":{"start":{"line":35,"column":21},"end":{"line":35,"column":65}},"9":{"start":{"line":37,"column":35},"end":{"line":68,"column":null}},"10":{"start":{"line":120,"column":2},"end":{"line":120,"column":null}},"11":{"start":{"line":120,"column":45},"end":{"line":120,"column":63}},"12":{"start":{"line":124,"column":2},"end":{"line":124,"column":null}},"13":{"start":{"line":124,"column":45},"end":{"line":124,"column":50}},"14":{"start":{"line":128,"column":2},"end":{"line":128,"column":null}},"15":{"start":{"line":132,"column":15},"end":{"line":132,"column":null}},"16":{"start":{"line":134,"column":2},"end":{"line":136,"column":null}},"17":{"start":{"line":135,"column":4},"end":{"line":135,"column":null}},"18":{"start":{"line":138,"column":2},"end":{"line":138,"column":null}},"19":{"start":{"line":142,"column":2},"end":{"line":146,"column":null}},"20":{"start":{"line":143,"column":4},"end":{"line":143,"column":null}},"21":{"start":{"line":145,"column":4},"end":{"line":145,"column":null}},"22":{"start":{"line":156,"column":2},"end":{"line":167,"column":null}},"23":{"start":{"line":173,"column":20},"end":{"line":173,"column":null}},"24":{"start":{"line":175,"column":19},"end":{"line":175,"column":null}},"25":{"start":{"line":176,"column":20},"end":{"line":176,"column":null}},"26":{"start":{"line":178,"column":2},"end":{"line":180,"column":null}},"27":{"start":{"line":179,"column":4},"end":{"line":179,"column":null}},"28":{"start":{"line":182,"column":15},"end":{"line":205,"column":null}},"29":{"start":{"line":188,"column":50},"end":{"line":188,"column":76}},"30":{"start":{"line":199,"column":47},"end":{"line":199,"column":73}},"31":{"start":{"line":207,"column":27},"end":{"line":207,"column":null}},"32":{"start":{"line":208,"column":22},"end":{"line":208,"column":null}},"33":{"start":{"line":210,"column":36},"end":{"line":214,"column":null}},"34":{"start":{"line":216,"column":2},"end":{"line":216,"column":null}},"35":{"start":{"line":217,"column":2},"end":{"line":217,"column":null}},"36":{"start":{"line":218,"column":2},"end":{"line":218,"column":null}},"37":{"start":{"line":219,"column":2},"end":{"line":219,"column":null}},"38":{"start":{"line":220,"column":2},"end":{"line":220,"column":null}},"39":{"start":{"line":222,"column":2},"end":{"line":222,"column":null}},"40":{"start":{"line":228,"column":15},"end":{"line":243,"column":null}},"41":{"start":{"line":245,"column":2},"end":{"line":247,"column":null}},"42":{"start":{"line":246,"column":4},"end":{"line":246,"column":null}},"43":{"start":{"line":249,"column":2},"end":{"line":249,"column":null}},"44":{"start":{"line":258,"column":33},"end":{"line":258,"column":null}},"45":{"start":{"line":260,"column":2},"end":{"line":272,"column":null}},"46":{"start":{"line":261,"column":4},"end":{"line":271,"column":null}},"47":{"start":{"line":274,"column":16},"end":{"line":274,"column":null}},"48":{"start":{"line":275,"column":21},"end":{"line":275,"column":null}},"49":{"start":{"line":276,"column":22},"end":{"line":276,"column":null}},"50":{"start":{"line":278,"column":2},"end":{"line":310,"column":null}},"51":{"start":{"line":284,"column":4},"end":{"line":289,"column":null}},"52":{"start":{"line":290,"column":9},"end":{"line":310,"column":null}},"53":{"start":{"line":291,"column":4},"end":{"line":296,"column":null}},"54":{"start":{"line":297,"column":9},"end":{"line":310,"column":null}},"55":{"start":{"line":298,"column":4},"end":{"line":303,"column":null}},"56":{"start":{"line":305,"column":4},"end":{"line":309,"column":null}},"57":{"start":{"line":313,"column":4},"end":{"line":313,"column":null}},"58":{"start":{"line":315,"column":4},"end":{"line":315,"column":null}},"59":{"start":{"line":316,"column":36},"end":{"line":316,"column":null}},"60":{"start":{"line":318,"column":2},"end":{"line":322,"column":null}},"61":{"start":{"line":319,"column":4},"end":{"line":319,"column":null}},"62":{"start":{"line":321,"column":4},"end":{"line":321,"column":null}},"63":{"start":{"line":324,"column":2},"end":{"line":332,"column":null}},"64":{"start":{"line":334,"column":2},"end":{"line":342,"column":null}},"65":{"start":{"line":344,"column":2},"end":{"line":352,"column":null}},"66":{"start":{"line":354,"column":2},"end":{"line":362,"column":null}},"67":{"start":{"line":357,"column":44},"end":{"line":357,"column":87}},"68":{"start":{"line":364,"column":2},"end":{"line":374,"column":null}},"69":{"start":{"line":368,"column":8},"end":{"line":368,"column":null}},"70":{"start":{"line":376,"column":2},"end":{"line":384,"column":null}},"71":{"start":{"line":386,"column":2},"end":{"line":394,"column":null}},"72":{"start":{"line":396,"column":2},"end":{"line":404,"column":null}},"73":{"start":{"line":406,"column":2},"end":{"line":409,"column":null}},"74":{"start":{"line":407,"column":34},"end":{"line":407,"column":56}}},"fnMap":{"0":{"name":"(anonymous_0)","decl":{"start":{"line":20,"column":3},"end":{"line":20,"column":11}},"loc":{"start":{"line":20,"column":21},"end":{"line":27,"column":5}},"line":20},"1":{"name":"(anonymous_1)","decl":{"start":{"line":35,"column":3},"end":{"line":35,"column":11}},"loc":{"start":{"line":35,"column":21},"end":{"line":35,"column":65}},"line":35},"2":{"name":"uniqueSortedStrings","decl":{"start":{"line":119,"column":9},"end":{"line":119,"column":29}},"loc":{"start":{"line":119,"column":57},"end":{"line":121,"column":null}},"line":119},"3":{"name":"(anonymous_3)","decl":{"start":{"line":120,"column":30},"end":{"line":120,"column":36}},"loc":{"start":{"line":120,"column":45},"end":{"line":120,"column":63}},"line":120},"4":{"name":"uniqueSortedNumbers","decl":{"start":{"line":123,"column":9},"end":{"line":123,"column":29}},"loc":{"start":{"line":123,"column":57},"end":{"line":125,"column":null}},"line":123},"5":{"name":"(anonymous_5)","decl":{"start":{"line":124,"column":30},"end":{"line":124,"column":36}},"loc":{"start":{"line":124,"column":45},"end":{"line":124,"column":50}},"line":124},"6":{"name":"normalizeAddress","decl":{"start":{"line":127,"column":9},"end":{"line":127,"column":26}},"loc":{"start":{"line":127,"column":49},"end":{"line":129,"column":null}},"line":127},"7":{"name":"normalizeTimestamp","decl":{"start":{"line":131,"column":9},"end":{"line":131,"column":28}},"loc":{"start":{"line":131,"column":51},"end":{"line":139,"column":null}},"line":131},"8":{"name":"addressesEqual","decl":{"start":{"line":141,"column":9},"end":{"line":141,"column":24}},"loc":{"start":{"line":141,"column":55},"end":{"line":147,"column":null}},"line":141},"9":{"name":"mandateCheck","decl":{"start":{"line":149,"column":9},"end":{"line":149,"column":null}},"loc":{"start":{"line":155,"column":16},"end":{"line":168,"column":null}},"line":155},"10":{"name":"createMandateContract","decl":{"start":{"line":170,"column":16},"end":{"line":170,"column":null}},"loc":{"start":{"line":172,"column":19},"end":{"line":223,"column":null}},"line":172},"11":{"name":"(anonymous_11)","decl":{"start":{"line":188,"column":35},"end":{"line":188,"column":40}},"loc":{"start":{"line":188,"column":50},"end":{"line":188,"column":76}},"line":188},"12":{"name":"(anonymous_12)","decl":{"start":{"line":199,"column":32},"end":{"line":199,"column":37}},"loc":{"start":{"line":199,"column":47},"end":{"line":199,"column":73}},"line":199},"13":{"name":"verifyMandateContract","decl":{"start":{"line":225,"column":16},"end":{"line":225,"column":null}},"loc":{"start":{"line":227,"column":11},"end":{"line":250,"column":null}},"line":227},"14":{"name":"evaluateMandate","decl":{"start":{"line":252,"column":16},"end":{"line":252,"column":null}},"loc":{"start":{"line":257,"column":21},"end":{"line":410,"column":null}},"line":257},"15":{"name":"(anonymous_15)","decl":{"start":{"line":357,"column":28},"end":{"line":357,"column":34}},"loc":{"start":{"line":357,"column":44},"end":{"line":357,"column":87}},"line":357},"16":{"name":"(anonymous_16)","decl":{"start":{"line":367,"column":34},"end":{"line":367,"column":40}},"loc":{"start":{"line":368,"column":8},"end":{"line":368,"column":null}},"line":368},"17":{"name":"(anonymous_17)","decl":{"start":{"line":407,"column":18},"end":{"line":407,"column":25}},"loc":{"start":{"line":407,"column":34},"end":{"line":407,"column":56}},"line":407}},"branchMap":{"0":{"loc":{"start":{"line":134,"column":2},"end":{"line":136,"column":null}},"type":"if","locations":[{"start":{"line":134,"column":2},"end":{"line":136,"column":null}},{"start":{},"end":{}}],"line":134},"1":{"loc":{"start":{"line":156,"column":9},"end":{"line":167,"column":null}},"type":"cond-expr","locations":[{"start":{"line":157,"column":6},"end":{"line":161,"column":null}},{"start":{"line":162,"column":6},"end":{"line":167,"column":null}}],"line":156},"2":{"loc":{"start":{"line":178,"column":2},"end":{"line":180,"column":null}},"type":"if","locations":[{"start":{"line":178,"column":2},"end":{"line":180,"column":null}},{"start":{},"end":{}}],"line":178},"3":{"loc":{"start":{"line":245,"column":2},"end":{"line":247,"column":null}},"type":"if","locations":[{"start":{"line":245,"column":2},"end":{"line":247,"column":null}},{"start":{},"end":{}}],"line":245},"4":{"loc":{"start":{"line":256,"column":2},"end":{"line":256,"column":null}},"type":"default-arg","locations":[{"start":{"line":256,"column":14},"end":{"line":256,"column":null}}],"line":256},"5":{"loc":{"start":{"line":260,"column":2},"end":{"line":272,"column":null}},"type":"if","locations":[{"start":{"line":260,"column":2},"end":{"line":272,"column":null}},{"start":{},"end":{}}],"line":260},"6":{"loc":{"start":{"line":278,"column":2},"end":{"line":310,"column":null}},"type":"if","locations":[{"start":{"line":278,"column":2},"end":{"line":310,"column":null}},{"start":{"line":290,"column":9},"end":{"line":310,"column":null}}],"line":278},"7":{"loc":{"start":{"line":279,"column":4},"end":{"line":282,"column":null}},"type":"binary-expr","locations":[{"start":{"line":279,"column":4},"end":{"line":279,"column":null}},{"start":{"line":280,"column":4},"end":{"line":280,"column":null}},{"start":{"line":281,"column":4},"end":{"line":281,"column":null}},{"start":{"line":282,"column":4},"end":{"line":282,"column":null}}],"line":279},"8":{"loc":{"start":{"line":290,"column":9},"end":{"line":310,"column":null}},"type":"if","locations":[{"start":{"line":290,"column":9},"end":{"line":310,"column":null}},{"start":{"line":297,"column":9},"end":{"line":310,"column":null}}],"line":290},"9":{"loc":{"start":{"line":297,"column":9},"end":{"line":310,"column":null}},"type":"if","locations":[{"start":{"line":297,"column":9},"end":{"line":310,"column":null}},{"start":{"line":304,"column":9},"end":{"line":310,"column":null}}],"line":297},"10":{"loc":{"start":{"line":313,"column":4},"end":{"line":313,"column":null}},"type":"cond-expr","locations":[{"start":{"line":313,"column":34},"end":{"line":313,"column":51}},{"start":{"line":313,"column":51},"end":{"line":313,"column":null}}],"line":313},"11":{"loc":{"start":{"line":315,"column":4},"end":{"line":315,"column":null}},"type":"cond-expr","locations":[{"start":{"line":315,"column":38},"end":{"line":315,"column":66}},{"start":{"line":315,"column":66},"end":{"line":315,"column":null}}],"line":315},"12":{"loc":{"start":{"line":379,"column":6},"end":{"line":379,"column":null}},"type":"binary-expr","locations":[{"start":{"line":379,"column":6},"end":{"line":379,"column":31}},{"start":{"line":379,"column":31},"end":{"line":379,"column":null}}],"line":379}},"s":{"0":15,"1":15,"2":156,"3":156,"4":156,"5":1,"6":15,"7":15,"8":154,"9":15,"10":296,"11":0,"12":74,"13":0,"14":150,"15":150,"16":150,"17":0,"18":150,"19":134,"20":134,"21":0,"22":536,"23":77,"24":77,"25":77,"26":77,"27":1,"28":74,"29":75,"30":75,"31":74,"32":74,"33":74,"34":74,"35":74,"36":74,"37":74,"38":74,"39":74,"40":69,"41":69,"42":2,"43":67,"44":69,"45":69,"46":2,"47":67,"48":67,"49":67,"50":67,"51":0,"52":67,"53":0,"54":67,"55":1,"56":66,"57":67,"58":69,"59":69,"60":69,"61":69,"62":0,"63":67,"64":67,"65":67,"66":67,"67":67,"68":67,"69":67,"70":67,"71":69,"72":69,"73":69,"74":565},"f":{"0":156,"1":154,"2":296,"3":0,"4":74,"5":0,"6":150,"7":150,"8":134,"9":536,"10":77,"11":75,"12":75,"13":69,"14":69,"15":67,"16":67,"17":565},"b":{"0":[0,150],"1":[527,9],"2":[1,76],"3":[2,67],"4":[69],"5":[2,67],"6":[0,67],"7":[67,67,67,67],"8":[0,67],"9":[1,66],"10":[67,0],"11":[67,0],"12":[67,67]},"meta":{"lastBranch":13,"lastFunction":18,"lastStatement":75,"seen":{"s:12:25:16:Infinity":0,"s:18:25:27:Infinity":1,"f:20:3:20:11":0,"s:21:4:26:Infinity":2,"s:22:6:22:Infinity":3,"s:23:6:23:Infinity":4,"s:25:6:25:Infinity":5,"s:29:36:31:Infinity":6,"s:33:24:35:Infinity":7,"f:35:3:35:11":1,"s:35:21:35:65":8,"s:37:35:68:Infinity":9,"f:119:9:119:29":2,"s:120:2:120:Infinity":10,"f:120:30:120:36":3,"s:120:45:120:63":11,"f:123:9:123:29":4,"s:124:2:124:Infinity":12,"f:124:30:124:36":5,"s:124:45:124:50":13,"f:127:9:127:26":6,"s:128:2:128:Infinity":14,"f:131:9:131:28":7,"s:132:15:132:Infinity":15,"b:134:2:136:Infinity:undefined:undefined:undefined:undefined":0,"s:134:2:136:Infinity":16,"s:135:4:135:Infinity":17,"s:138:2:138:Infinity":18,"f:141:9:141:24":8,"s:142:2:146:Infinity":19,"s:143:4:143:Infinity":20,"s:145:4:145:Infinity":21,"f:149:9:149:Infinity":9,"s:156:2:167:Infinity":22,"b:157:6:161:Infinity:162:6:167:Infinity":1,"f:170:16:170:Infinity":10,"s:173:20:173:Infinity":23,"s:175:19:175:Infinity":24,"s:176:20:176:Infinity":25,"b:178:2:180:Infinity:undefined:undefined:undefined:undefined":2,"s:178:2:180:Infinity":26,"s:179:4:179:Infinity":27,"s:182:15:205:Infinity":28,"f:188:35:188:40":11,"s:188:50:188:76":29,"f:199:32:199:37":12,"s:199:47:199:73":30,"s:207:27:207:Infinity":31,"s:208:22:208:Infinity":32,"s:210:36:214:Infinity":33,"s:216:2:216:Infinity":34,"s:217:2:217:Infinity":35,"s:218:2:218:Infinity":36,"s:219:2:219:Infinity":37,"s:220:2:220:Infinity":38,"s:222:2:222:Infinity":39,"f:225:16:225:Infinity":13,"s:228:15:243:Infinity":40,"b:245:2:247:Infinity:undefined:undefined:undefined:undefined":3,"s:245:2:247:Infinity":41,"s:246:4:246:Infinity":42,"s:249:2:249:Infinity":43,"f:252:16:252:Infinity":14,"b:256:14:256:Infinity":4,"s:258:33:258:Infinity":44,"b:260:2:272:Infinity:undefined:undefined:undefined:undefined":5,"s:260:2:272:Infinity":45,"s:261:4:271:Infinity":46,"s:274:16:274:Infinity":47,"s:275:21:275:Infinity":48,"s:276:22:276:Infinity":49,"b:278:2:310:Infinity:290:9:310:Infinity":6,"s:278:2:310:Infinity":50,"b:279:4:279:Infinity:280:4:280:Infinity:281:4:281:Infinity:282:4:282:Infinity":7,"s:284:4:289:Infinity":51,"b:290:9:310:Infinity:297:9:310:Infinity":8,"s:290:9:310:Infinity":52,"s:291:4:296:Infinity":53,"b:297:9:310:Infinity:304:9:310:Infinity":9,"s:297:9:310:Infinity":54,"s:298:4:303:Infinity":55,"s:305:4:309:Infinity":56,"s:313:4:313:Infinity":57,"b:313:34:313:51:313:51:313:Infinity":10,"s:315:4:315:Infinity":58,"b:315:38:315:66:315:66:315:Infinity":11,"s:316:36:316:Infinity":59,"s:318:2:322:Infinity":60,"s:319:4:319:Infinity":61,"s:321:4:321:Infinity":62,"s:324:2:332:Infinity":63,"s:334:2:342:Infinity":64,"s:344:2:352:Infinity":65,"s:354:2:362:Infinity":66,"f:357:28:357:34":15,"s:357:44:357:87":67,"s:364:2:374:Infinity":68,"f:367:34:367:40":16,"s:368:8:368:Infinity":69,"s:376:2:384:Infinity":70,"b:379:6:379:31:379:31:379:Infinity":12,"s:386:2:394:Infinity":71,"s:396:2:404:Infinity":72,"s:406:2:409:Infinity":73,"f:407:18:407:25":17,"s:407:34:407:56":74},"fnNames":{}}}
,"/home/ubuntu/proof-gate/src/evidence/evidence-store.ts": {"path":"/home/ubuntu/proof-gate/src/evidence/evidence-store.ts","statementMap":{"0":{"start":{"line":15,"column":2},"end":{"line":17,"column":null}},"1":{"start":{"line":16,"column":4},"end":{"line":16,"column":null}},"2":{"start":{"line":19,"column":2},"end":{"line":19,"column":null}},"3":{"start":{"line":28,"column":27},"end":{"line":28,"column":null}},"4":{"start":{"line":30,"column":2},"end":{"line":32,"column":null}},"5":{"start":{"line":31,"column":4},"end":{"line":31,"column":null}},"6":{"start":{"line":34,"column":2},"end":{"line":36,"column":null}},"7":{"start":{"line":35,"column":4},"end":{"line":35,"column":null}},"8":{"start":{"line":38,"column":45},"end":{"line":38,"column":null}},"9":{"start":{"line":40,"column":2},"end":{"line":56,"column":null}},"10":{"start":{"line":41,"column":4},"end":{"line":43,"column":null}},"11":{"start":{"line":42,"column":6},"end":{"line":42,"column":null}},"12":{"start":{"line":45,"column":21},"end":{"line":45,"column":null}},"13":{"start":{"line":46,"column":21},"end":{"line":46,"column":null}},"14":{"start":{"line":47,"column":30},"end":{"line":47,"column":null}},"15":{"start":{"line":49,"column":4},"end":{"line":55,"column":null}},"16":{"start":{"line":54,"column":6},"end":{"line":54,"column":null}},"17":{"start":{"line":58,"column":2},"end":{"line":62,"column":null}},"18":{"start":{"line":59,"column":17},"end":{"line":59,"column":null}},"19":{"start":{"line":60,"column":18},"end":{"line":60,"column":null}},"20":{"start":{"line":61,"column":4},"end":{"line":61,"column":null}},"21":{"start":{"line":64,"column":2},"end":{"line":64,"column":null}}},"fnMap":{"0":{"name":"normalizeAddress","decl":{"start":{"line":14,"column":9},"end":{"line":14,"column":26}},"loc":{"start":{"line":14,"column":56},"end":{"line":20,"column":null}},"line":14},"1":{"name":"findLatestMatchingTelegraphEvidence","decl":{"start":{"line":22,"column":16},"end":{"line":22,"column":null}},"loc":{"start":{"line":27,"column":34},"end":{"line":65,"column":null}},"line":27},"2":{"name":"(anonymous_2)","decl":{"start":{"line":58,"column":10},"end":{"line":58,"column":16}},"loc":{"start":{"line":58,"column":25},"end":{"line":62,"column":3}},"line":58}},"branchMap":{"0":{"loc":{"start":{"line":15,"column":2},"end":{"line":17,"column":null}},"type":"if","locations":[{"start":{"line":15,"column":2},"end":{"line":17,"column":null}},{"start":{},"end":{}}],"line":15},"1":{"loc":{"start":{"line":26,"column":2},"end":{"line":26,"column":null}},"type":"default-arg","locations":[{"start":{"line":26,"column":11},"end":{"line":26,"column":null}}],"line":26},"2":{"loc":{"start":{"line":30,"column":2},"end":{"line":32,"column":null}},"type":"if","locations":[{"start":{"line":30,"column":2},"end":{"line":32,"column":null}},{"start":{},"end":{}}],"line":30},"3":{"loc":{"start":{"line":34,"column":2},"end":{"line":36,"column":null}},"type":"if","locations":[{"start":{"line":34,"column":2},"end":{"line":36,"column":null}},{"start":{},"end":{}}],"line":34},"4":{"loc":{"start":{"line":41,"column":4},"end":{"line":43,"column":null}},"type":"if","locations":[{"start":{"line":41,"column":4},"end":{"line":43,"column":null}},{"start":{},"end":{}}],"line":41},"5":{"loc":{"start":{"line":49,"column":4},"end":{"line":55,"column":null}},"type":"if","locations":[{"start":{"line":49,"column":4},"end":{"line":55,"column":null}},{"start":{},"end":{}}],"line":49},"6":{"loc":{"start":{"line":50,"column":6},"end":{"line":52,"column":null}},"type":"binary-expr","locations":[{"start":{"line":50,"column":6},"end":{"line":50,"column":null}},{"start":{"line":51,"column":6},"end":{"line":51,"column":null}},{"start":{"line":52,"column":6},"end":{"line":52,"column":null}}],"line":50},"7":{"loc":{"start":{"line":64,"column":9},"end":{"line":64,"column":null}},"type":"binary-expr","locations":[{"start":{"line":64,"column":9},"end":{"line":64,"column":23}},{"start":{"line":64,"column":23},"end":{"line":64,"column":null}}],"line":64}},"s":{"0":5,"1":0,"2":5,"3":2,"4":2,"5":0,"6":2,"7":0,"8":2,"9":2,"10":3,"11":0,"12":3,"13":3,"14":3,"15":3,"16":1,"17":2,"18":0,"19":0,"20":0,"21":2},"f":{"0":5,"1":2,"2":0},"b":{"0":[0,5],"1":[2],"2":[0,2],"3":[0,2],"4":[0,3],"5":[1,2],"6":[3,1,1],"7":[2,1]},"meta":{"lastBranch":8,"lastFunction":3,"lastStatement":22,"seen":{"f:14:9:14:26":0,"b:15:2:17:Infinity:undefined:undefined:undefined:undefined":0,"s:15:2:17:Infinity":0,"s:16:4:16:Infinity":1,"s:19:2:19:Infinity":2,"f:22:16:22:Infinity":1,"b:26:11:26:Infinity":1,"s:28:27:28:Infinity":3,"b:30:2:32:Infinity:undefined:undefined:undefined:undefined":2,"s:30:2:32:Infinity":4,"s:31:4:31:Infinity":5,"b:34:2:36:Infinity:undefined:undefined:undefined:undefined":3,"s:34:2:36:Infinity":6,"s:35:4:35:Infinity":7,"s:38:45:38:Infinity":8,"s:40:2:56:Infinity":9,"b:41:4:43:Infinity:undefined:undefined:undefined:undefined":4,"s:41:4:43:Infinity":10,"s:42:6:42:Infinity":11,"s:45:21:45:Infinity":12,"s:46:21:46:Infinity":13,"s:47:30:47:Infinity":14,"b:49:4:55:Infinity:undefined:undefined:undefined:undefined":5,"s:49:4:55:Infinity":15,"b:50:6:50:Infinity:51:6:51:Infinity:52:6:52:Infinity":6,"s:54:6:54:Infinity":16,"s:58:2:62:Infinity":17,"f:58:10:58:16":2,"s:59:17:59:Infinity":18,"s:60:18:60:Infinity":19,"s:61:4:61:Infinity":20,"s:64:2:64:Infinity":21,"b:64:9:64:23:64:23:64:Infinity":7},"fnNames":{}}}
,"/home/ubuntu/proof-gate/src/evidence/telegraph.ts": {"path":"/home/ubuntu/proof-gate/src/evidence/telegraph.ts","statementMap":{"0":{"start":{"line":9,"column":37},"end":{"line":83,"column":null}},"1":{"start":{"line":132,"column":15},"end":{"line":135,"column":null}},"2":{"start":{"line":137,"column":15},"end":{"line":137,"column":null}},"3":{"start":{"line":139,"column":2},"end":{"line":145,"column":null}},"4":{"start":{"line":142,"column":4},"end":{"line":144,"column":null}},"5":{"start":{"line":147,"column":2},"end":{"line":147,"column":null}},"6":{"start":{"line":153,"column":2},"end":{"line":160,"column":null}},"7":{"start":{"line":175,"column":2},"end":{"line":177,"column":null}},"8":{"start":{"line":176,"column":4},"end":{"line":176,"column":null}},"9":{"start":{"line":179,"column":2},"end":{"line":181,"column":null}},"10":{"start":{"line":180,"column":4},"end":{"line":180,"column":null}},"11":{"start":{"line":184,"column":4},"end":{"line":187,"column":null}},"12":{"start":{"line":186,"column":8},"end":{"line":186,"column":null}},"13":{"start":{"line":189,"column":2},"end":{"line":191,"column":null}},"14":{"start":{"line":190,"column":4},"end":{"line":190,"column":null}},"15":{"start":{"line":193,"column":2},"end":{"line":195,"column":null}},"16":{"start":{"line":202,"column":4},"end":{"line":204,"column":null}},"17":{"start":{"line":207,"column":4},"end":{"line":208,"column":null}},"18":{"start":{"line":210,"column":2},"end":{"line":263,"column":null}},"19":{"start":{"line":269,"column":14},"end":{"line":274,"column":null}},"20":{"start":{"line":276,"column":2},"end":{"line":278,"column":null}}},"fnMap":{"0":{"name":"normalizeTimestamp","decl":{"start":{"line":127,"column":9},"end":{"line":127,"column":null}},"loc":{"start":{"line":129,"column":10},"end":{"line":148,"column":null}},"line":129},"1":{"name":"hashRawResponse","decl":{"start":{"line":150,"column":9},"end":{"line":150,"column":null}},"loc":{"start":{"line":152,"column":10},"end":{"line":162,"column":null}},"line":152},"2":{"name":"determineApplicability","decl":{"start":{"line":164,"column":9},"end":{"line":164,"column":null}},"loc":{"start":{"line":174,"column":25},"end":{"line":196,"column":null}},"line":174},"3":{"name":"(anonymous_3)","decl":{"start":{"line":184,"column":12},"end":{"line":184,"column":null}},"loc":{"start":{"line":186,"column":8},"end":{"line":186,"column":null}},"line":186},"4":{"name":"normalizeTelegraphEvidence","decl":{"start":{"line":198,"column":16},"end":{"line":198,"column":null}},"loc":{"start":{"line":200,"column":27},"end":{"line":264,"column":null}},"line":200},"5":{"name":"loadTelegraphEvidence","decl":{"start":{"line":266,"column":16},"end":{"line":266,"column":null}},"loc":{"start":{"line":268,"column":27},"end":{"line":279,"column":null}},"line":268}},"branchMap":{"0":{"loc":{"start":{"line":139,"column":2},"end":{"line":145,"column":null}},"type":"if","locations":[{"start":{"line":139,"column":2},"end":{"line":145,"column":null}},{"start":{},"end":{}}],"line":139},"1":{"loc":{"start":{"line":175,"column":2},"end":{"line":177,"column":null}},"type":"if","locations":[{"start":{"line":175,"column":2},"end":{"line":177,"column":null}},{"start":{},"end":{}}],"line":175},"2":{"loc":{"start":{"line":179,"column":2},"end":{"line":181,"column":null}},"type":"if","locations":[{"start":{"line":179,"column":2},"end":{"line":181,"column":null}},{"start":{},"end":{}}],"line":179},"3":{"loc":{"start":{"line":189,"column":2},"end":{"line":191,"column":null}},"type":"if","locations":[{"start":{"line":189,"column":2},"end":{"line":191,"column":null}},{"start":{},"end":{}}],"line":189},"4":{"loc":{"start":{"line":193,"column":9},"end":{"line":195,"column":null}},"type":"cond-expr","locations":[{"start":{"line":194,"column":6},"end":{"line":194,"column":null}},{"start":{"line":195,"column":6},"end":{"line":195,"column":null}}],"line":193},"5":{"loc":{"start":{"line":207,"column":4},"end":{"line":208,"column":null}},"type":"binary-expr","locations":[{"start":{"line":207,"column":4},"end":{"line":207,"column":null}},{"start":{"line":208,"column":4},"end":{"line":208,"column":null}}],"line":207},"6":{"loc":{"start":{"line":224,"column":6},"end":{"line":225,"column":null}},"type":"binary-expr","locations":[{"start":{"line":224,"column":6},"end":{"line":224,"column":null}},{"start":{"line":225,"column":6},"end":{"line":225,"column":null}}],"line":224},"7":{"loc":{"start":{"line":228,"column":6},"end":{"line":229,"column":null}},"type":"binary-expr","locations":[{"start":{"line":228,"column":6},"end":{"line":228,"column":null}},{"start":{"line":229,"column":6},"end":{"line":229,"column":null}}],"line":228},"8":{"loc":{"start":{"line":232,"column":6},"end":{"line":233,"column":null}},"type":"binary-expr","locations":[{"start":{"line":232,"column":6},"end":{"line":232,"column":null}},{"start":{"line":233,"column":6},"end":{"line":233,"column":null}}],"line":232},"9":{"loc":{"start":{"line":242,"column":6},"end":{"line":243,"column":null}},"type":"binary-expr","locations":[{"start":{"line":242,"column":6},"end":{"line":242,"column":null}},{"start":{"line":243,"column":6},"end":{"line":243,"column":null}}],"line":242},"10":{"loc":{"start":{"line":246,"column":6},"end":{"line":247,"column":null}},"type":"binary-expr","locations":[{"start":{"line":246,"column":6},"end":{"line":246,"column":null}},{"start":{"line":247,"column":6},"end":{"line":247,"column":null}}],"line":246},"11":{"loc":{"start":{"line":250,"column":6},"end":{"line":251,"column":null}},"type":"binary-expr","locations":[{"start":{"line":250,"column":6},"end":{"line":250,"column":null}},{"start":{"line":251,"column":6},"end":{"line":251,"column":null}}],"line":250}},"s":{"0":12,"1":36,"2":36,"3":36,"4":0,"5":36,"6":36,"7":36,"8":1,"9":35,"10":4,"11":31,"12":31,"13":31,"14":0,"15":31,"16":37,"17":37,"18":37,"19":26,"20":26},"f":{"0":36,"1":36,"2":36,"3":31,"4":37,"5":26},"b":{"0":[0,36],"1":[1,35],"2":[4,31],"3":[0,31],"4":[8,23],"5":[37,0],"6":[37,0],"7":[37,2],"8":[37,6],"9":[37,0],"10":[37,0],"11":[37,0]},"meta":{"lastBranch":12,"lastFunction":6,"lastStatement":21,"seen":{"s:9:37:83:Infinity":0,"f:127:9:127:Infinity":0,"s:132:15:135:Infinity":1,"s:137:15:137:Infinity":2,"b:139:2:145:Infinity:undefined:undefined:undefined:undefined":0,"s:139:2:145:Infinity":3,"s:142:4:144:Infinity":4,"s:147:2:147:Infinity":5,"f:150:9:150:Infinity":1,"s:153:2:160:Infinity":6,"f:164:9:164:Infinity":2,"b:175:2:177:Infinity:undefined:undefined:undefined:undefined":1,"s:175:2:177:Infinity":7,"s:176:4:176:Infinity":8,"b:179:2:181:Infinity:undefined:undefined:undefined:undefined":2,"s:179:2:181:Infinity":9,"s:180:4:180:Infinity":10,"s:184:4:187:Infinity":11,"f:184:12:184:Infinity":3,"s:186:8:186:Infinity":12,"b:189:2:191:Infinity:undefined:undefined:undefined:undefined":3,"s:189:2:191:Infinity":13,"s:190:4:190:Infinity":14,"s:193:2:195:Infinity":15,"b:194:6:194:Infinity:195:6:195:Infinity":4,"f:198:16:198:Infinity":4,"s:202:4:204:Infinity":16,"s:207:4:208:Infinity":17,"b:207:4:207:Infinity:208:4:208:Infinity":5,"s:210:2:263:Infinity":18,"b:224:6:224:Infinity:225:6:225:Infinity":6,"b:228:6:228:Infinity:229:6:229:Infinity":7,"b:232:6:232:Infinity:233:6:233:Infinity":8,"b:242:6:242:Infinity:243:6:243:Infinity":9,"b:246:6:246:Infinity:247:6:247:Infinity":10,"b:250:6:250:Infinity:251:6:251:Infinity":11,"f:266:16:266:Infinity":5,"s:269:14:274:Infinity":19,"s:276:2:278:Infinity":20},"fnNames":{}}}
,"/home/ubuntu/proof-gate/src/evidence/vendor-runtime.ts": {"path":"/home/ubuntu/proof-gate/src/evidence/vendor-runtime.ts","statementMap":{"0":{"start":{"line":18,"column":39},"end":{"line":35,"column":null}},"1":{"start":{"line":117,"column":12},"end":{"line":120,"column":null}},"2":{"start":{"line":126,"column":2},"end":{"line":129,"column":null}},"3":{"start":{"line":138,"column":4},"end":{"line":147,"column":null}},"4":{"start":{"line":150,"column":4},"end":{"line":159,"column":null}},"5":{"start":{"line":161,"column":2},"end":{"line":178,"column":null}},"6":{"start":{"line":175,"column":4},"end":{"line":177,"column":null}},"7":{"start":{"line":180,"column":2},"end":{"line":183,"column":null}},"8":{"start":{"line":190,"column":2},"end":{"line":198,"column":null}},"9":{"start":{"line":195,"column":4},"end":{"line":197,"column":null}},"10":{"start":{"line":200,"column":2},"end":{"line":208,"column":null}},"11":{"start":{"line":205,"column":4},"end":{"line":207,"column":null}},"12":{"start":{"line":211,"column":4},"end":{"line":213,"column":null}},"13":{"start":{"line":216,"column":4},"end":{"line":218,"column":null}},"14":{"start":{"line":221,"column":4},"end":{"line":221,"column":null}},"15":{"start":{"line":223,"column":28},"end":{"line":223,"column":null}},"16":{"start":{"line":225,"column":2},"end":{"line":250,"column":null}},"17":{"start":{"line":227,"column":6},"end":{"line":227,"column":null}},"18":{"start":{"line":235,"column":4},"end":{"line":237,"column":null}},"19":{"start":{"line":236,"column":6},"end":{"line":236,"column":null}},"20":{"start":{"line":239,"column":4},"end":{"line":249,"column":null}},"21":{"start":{"line":253,"column":4},"end":{"line":260,"column":null}},"22":{"start":{"line":255,"column":8},"end":{"line":259,"column":null}},"23":{"start":{"line":262,"column":2},"end":{"line":268,"column":null}},"24":{"start":{"line":265,"column":4},"end":{"line":267,"column":null}},"25":{"start":{"line":270,"column":2},"end":{"line":270,"column":null}},"26":{"start":{"line":279,"column":4},"end":{"line":297,"column":null}},"27":{"start":{"line":299,"column":2},"end":{"line":303,"column":null}},"28":{"start":{"line":300,"column":4},"end":{"line":302,"column":null}},"29":{"start":{"line":306,"column":4},"end":{"line":306,"column":null}},"30":{"start":{"line":311,"column":2},"end":{"line":315,"column":null}},"31":{"start":{"line":312,"column":4},"end":{"line":314,"column":null}},"32":{"start":{"line":317,"column":2},"end":{"line":317,"column":null}},"33":{"start":{"line":324,"column":2},"end":{"line":331,"column":null}},"34":{"start":{"line":328,"column":4},"end":{"line":330,"column":null}},"35":{"start":{"line":333,"column":2},"end":{"line":333,"column":null}},"36":{"start":{"line":347,"column":4},"end":{"line":347,"column":null}},"37":{"start":{"line":350,"column":4},"end":{"line":356,"column":null}},"38":{"start":{"line":359,"column":4},"end":{"line":361,"column":null}},"39":{"start":{"line":363,"column":2},"end":{"line":370,"column":null}},"40":{"start":{"line":367,"column":4},"end":{"line":369,"column":null}},"41":{"start":{"line":373,"column":4},"end":{"line":379,"column":null}},"42":{"start":{"line":382,"column":4},"end":{"line":386,"column":null}},"43":{"start":{"line":389,"column":4},"end":{"line":396,"column":null}},"44":{"start":{"line":400,"column":2},"end":{"line":410,"column":null}},"45":{"start":{"line":407,"column":4},"end":{"line":409,"column":null}},"46":{"start":{"line":413,"column":4},"end":{"line":423,"column":null}},"47":{"start":{"line":425,"column":2},"end":{"line":431,"column":null}},"48":{"start":{"line":428,"column":4},"end":{"line":430,"column":null}},"49":{"start":{"line":434,"column":4},"end":{"line":453,"column":null}},"50":{"start":{"line":456,"column":4},"end":{"line":475,"column":null}},"51":{"start":{"line":478,"column":4},"end":{"line":484,"column":null}},"52":{"start":{"line":487,"column":4},"end":{"line":493,"column":null}},"53":{"start":{"line":496,"column":4},"end":{"line":499,"column":null}},"54":{"start":{"line":502,"column":4},"end":{"line":504,"column":null}},"55":{"start":{"line":508,"column":4},"end":{"line":548,"column":null}},"56":{"start":{"line":550,"column":2},"end":{"line":558,"column":null}},"57":{"start":{"line":565,"column":2},"end":{"line":659,"column":null}},"58":{"start":{"line":570,"column":6},"end":{"line":570,"column":null}},"59":{"start":{"line":572,"column":4},"end":{"line":581,"column":null}},"60":{"start":{"line":580,"column":6},"end":{"line":580,"column":null}},"61":{"start":{"line":587,"column":6},"end":{"line":587,"column":null}},"62":{"start":{"line":589,"column":4},"end":{"line":632,"column":null}},"63":{"start":{"line":631,"column":6},"end":{"line":631,"column":null}},"64":{"start":{"line":634,"column":4},"end":{"line":643,"column":null}},"65":{"start":{"line":642,"column":6},"end":{"line":642,"column":null}},"66":{"start":{"line":646,"column":6},"end":{"line":649,"column":null}},"67":{"start":{"line":651,"column":4},"end":{"line":655,"column":null}},"68":{"start":{"line":658,"column":4},"end":{"line":658,"column":null}},"69":{"start":{"line":666,"column":2},"end":{"line":687,"column":null}},"70":{"start":{"line":695,"column":4},"end":{"line":699,"column":null}},"71":{"start":{"line":701,"column":2},"end":{"line":707,"column":null}},"72":{"start":{"line":710,"column":4},"end":{"line":713,"column":null}},"73":{"start":{"line":715,"column":2},"end":{"line":726,"column":null}},"74":{"start":{"line":728,"column":2},"end":{"line":728,"column":null}}},"fnMap":{"0":{"name":"addressesEqual","decl":{"start":{"line":122,"column":9},"end":{"line":122,"column":null}},"loc":{"start":{"line":125,"column":11},"end":{"line":131,"column":null}},"line":125},"1":{"name":"readProfileFiles","decl":{"start":{"line":133,"column":9},"end":{"line":133,"column":null}},"loc":{"start":{"line":136,"column":2},"end":{"line":184,"column":null}},"line":136},"2":{"name":"buildExpectedVendorRuntimeCode","decl":{"start":{"line":186,"column":16},"end":{"line":186,"column":null}},"loc":{"start":{"line":189,"column":7},"end":{"line":271,"column":null}},"line":189},"3":{"name":"(anonymous_3)","decl":{"start":{"line":253,"column":15},"end":{"line":253,"column":null}},"loc":{"start":{"line":255,"column":8},"end":{"line":259,"column":null}},"line":255},"4":{"name":"rpcCall","decl":{"start":{"line":273,"column":15},"end":{"line":273,"column":null}},"loc":{"start":{"line":277,"column":20},"end":{"line":318,"column":null}},"line":277},"5":{"name":"requireHex","decl":{"start":{"line":320,"column":9},"end":{"line":320,"column":null}},"loc":{"start":{"line":323,"column":7},"end":{"line":334,"column":null}},"line":323},"6":{"name":"acquireVendorRuntimeAttestation","decl":{"start":{"line":336,"column":22},"end":{"line":336,"column":null}},"loc":{"start":{"line":342,"column":37},"end":{"line":559,"column":null}},"line":342},"7":{"name":"verifyVendorRuntimeAttestation","decl":{"start":{"line":561,"column":16},"end":{"line":561,"column":null}},"loc":{"start":{"line":564,"column":11},"end":{"line":660,"column":null}},"line":564},"8":{"name":"supplementalRefFromVendorAttestation","decl":{"start":{"line":662,"column":16},"end":{"line":662,"column":null}},"loc":{"start":{"line":665,"column":27},"end":{"line":688,"column":null}},"line":665},"9":{"name":"saveVendorRuntimeAttestation","decl":{"start":{"line":690,"column":16},"end":{"line":690,"column":null}},"loc":{"start":{"line":693,"column":10},"end":{"line":729,"column":null}},"line":693}},"branchMap":{"0":{"loc":{"start":{"line":127,"column":4},"end":{"line":129,"column":null}},"type":"binary-expr","locations":[{"start":{"line":127,"column":4},"end":{"line":127,"column":null}},{"start":{"line":128,"column":4},"end":{"line":128,"column":null}},{"start":{"line":129,"column":4},"end":{"line":129,"column":null}}],"line":127},"1":{"loc":{"start":{"line":161,"column":2},"end":{"line":178,"column":null}},"type":"if","locations":[{"start":{"line":161,"column":2},"end":{"line":178,"column":null}},{"start":{},"end":{}}],"line":161},"2":{"loc":{"start":{"line":162,"column":4},"end":{"line":173,"column":null}},"type":"binary-expr","locations":[{"start":{"line":162,"column":4},"end":{"line":165,"column":null}},{"start":{"line":166,"column":4},"end":{"line":167,"column":null}},{"start":{"line":168,"column":4},"end":{"line":169,"column":null}},{"start":{"line":170,"column":4},"end":{"line":171,"column":null}},{"start":{"line":172,"column":4},"end":{"line":173,"column":null}}],"line":162},"3":{"loc":{"start":{"line":190,"column":2},"end":{"line":198,"column":null}},"type":"if","locations":[{"start":{"line":190,"column":2},"end":{"line":198,"column":null}},{"start":{},"end":{}}],"line":190},"4":{"loc":{"start":{"line":200,"column":2},"end":{"line":208,"column":null}},"type":"if","locations":[{"start":{"line":200,"column":2},"end":{"line":208,"column":null}},{"start":{},"end":{}}],"line":200},"5":{"loc":{"start":{"line":235,"column":4},"end":{"line":237,"column":null}},"type":"if","locations":[{"start":{"line":235,"column":4},"end":{"line":237,"column":null}},{"start":{},"end":{}}],"line":235},"6":{"loc":{"start":{"line":262,"column":2},"end":{"line":268,"column":null}},"type":"if","locations":[{"start":{"line":262,"column":2},"end":{"line":268,"column":null}},{"start":{},"end":{}}],"line":262},"7":{"loc":{"start":{"line":276,"column":2},"end":{"line":276,"column":null}},"type":"default-arg","locations":[{"start":{"line":276,"column":22},"end":{"line":276,"column":null}}],"line":276},"8":{"loc":{"start":{"line":299,"column":2},"end":{"line":303,"column":null}},"type":"if","locations":[{"start":{"line":299,"column":2},"end":{"line":303,"column":null}},{"start":{},"end":{}}],"line":299},"9":{"loc":{"start":{"line":311,"column":2},"end":{"line":315,"column":null}},"type":"if","locations":[{"start":{"line":311,"column":2},"end":{"line":315,"column":null}},{"start":{},"end":{}}],"line":311},"10":{"loc":{"start":{"line":324,"column":2},"end":{"line":331,"column":null}},"type":"if","locations":[{"start":{"line":324,"column":2},"end":{"line":331,"column":null}},{"start":{},"end":{}}],"line":324},"11":{"loc":{"start":{"line":325,"column":4},"end":{"line":326,"column":null}},"type":"binary-expr","locations":[{"start":{"line":325,"column":4},"end":{"line":325,"column":null}},{"start":{"line":326,"column":4},"end":{"line":326,"column":null}}],"line":325},"12":{"loc":{"start":{"line":337,"column":2},"end":{"line":341,"column":null}},"type":"default-arg","locations":[{"start":{"line":339,"column":6},"end":{"line":341,"column":null}}],"line":337},"13":{"loc":{"start":{"line":339,"column":6},"end":{"line":341,"column":null}},"type":"binary-expr","locations":[{"start":{"line":339,"column":6},"end":{"line":340,"column":null}},{"start":{"line":341,"column":6},"end":{"line":341,"column":null}}],"line":339},"14":{"loc":{"start":{"line":363,"column":2},"end":{"line":370,"column":null}},"type":"if","locations":[{"start":{"line":363,"column":2},"end":{"line":370,"column":null}},{"start":{},"end":{}}],"line":363},"15":{"loc":{"start":{"line":400,"column":2},"end":{"line":410,"column":null}},"type":"if","locations":[{"start":{"line":400,"column":2},"end":{"line":410,"column":null}},{"start":{},"end":{}}],"line":400},"16":{"loc":{"start":{"line":401,"column":4},"end":{"line":405,"column":null}},"type":"binary-expr","locations":[{"start":{"line":401,"column":4},"end":{"line":401,"column":null}},{"start":{"line":402,"column":4},"end":{"line":402,"column":null}},{"start":{"line":403,"column":4},"end":{"line":405,"column":null}}],"line":401},"17":{"loc":{"start":{"line":425,"column":2},"end":{"line":431,"column":null}},"type":"if","locations":[{"start":{"line":425,"column":2},"end":{"line":431,"column":null}},{"start":{},"end":{}}],"line":425},"18":{"loc":{"start":{"line":572,"column":4},"end":{"line":581,"column":null}},"type":"if","locations":[{"start":{"line":572,"column":4},"end":{"line":581,"column":null}},{"start":{},"end":{}}],"line":572},"19":{"loc":{"start":{"line":589,"column":4},"end":{"line":632,"column":null}},"type":"if","locations":[{"start":{"line":589,"column":4},"end":{"line":632,"column":null}},{"start":{},"end":{}}],"line":589},"20":{"loc":{"start":{"line":590,"column":6},"end":{"line":629,"column":null}},"type":"binary-expr","locations":[{"start":{"line":590,"column":6},"end":{"line":591,"column":null}},{"start":{"line":592,"column":6},"end":{"line":593,"column":null}},{"start":{"line":594,"column":6},"end":{"line":595,"column":null}},{"start":{"line":596,"column":6},"end":{"line":599,"column":null}},{"start":{"line":600,"column":6},"end":{"line":603,"column":null}},{"start":{"line":604,"column":6},"end":{"line":605,"column":null}},{"start":{"line":606,"column":6},"end":{"line":607,"column":null}},{"start":{"line":608,"column":6},"end":{"line":611,"column":null}},{"start":{"line":612,"column":6},"end":{"line":615,"column":null}},{"start":{"line":616,"column":6},"end":{"line":617,"column":null}},{"start":{"line":618,"column":6},"end":{"line":619,"column":null}},{"start":{"line":620,"column":6},"end":{"line":622,"column":null}},{"start":{"line":623,"column":6},"end":{"line":623,"column":null}},{"start":{"line":624,"column":6},"end":{"line":626,"column":null}},{"start":{"line":627,"column":6},"end":{"line":629,"column":null}}],"line":590},"21":{"loc":{"start":{"line":634,"column":4},"end":{"line":643,"column":null}},"type":"if","locations":[{"start":{"line":634,"column":4},"end":{"line":643,"column":null}},{"start":{},"end":{}}],"line":634}},"s":{"0":3,"1":3,"2":12,"3":6,"4":6,"5":6,"6":0,"7":6,"8":13,"9":0,"10":13,"11":0,"12":13,"13":13,"14":13,"15":13,"16":13,"17":13,"18":13,"19":0,"20":13,"21":13,"22":13,"23":13,"24":0,"25":13,"26":0,"27":0,"28":0,"29":0,"30":0,"31":0,"32":0,"33":0,"34":0,"35":0,"36":0,"37":0,"38":0,"39":0,"40":0,"41":0,"42":0,"43":0,"44":0,"45":0,"46":0,"47":0,"48":0,"49":0,"50":0,"51":0,"52":0,"53":0,"54":0,"55":0,"56":0,"57":9,"58":9,"59":9,"60":3,"61":6,"62":6,"63":0,"64":6,"65":0,"66":6,"67":6,"68":0,"69":1,"70":0,"71":0,"72":0,"73":0,"74":0},"f":{"0":12,"1":6,"2":13,"3":13,"4":0,"5":0,"6":0,"7":9,"8":1,"9":0},"b":{"0":[12,12,12],"1":[0,6],"2":[6,6,6,6,6],"3":[0,13],"4":[0,13],"5":[0,13],"6":[0,13],"7":[0],"8":[0,0],"9":[0,0],"10":[0,0],"11":[0,0],"12":[0],"13":[0,0],"14":[0,0],"15":[0,0],"16":[0,0,0],"17":[0,0],"18":[3,6],"19":[0,6],"20":[6,6,6,6,6,6,6,6,6,6,6,6,6,6,6],"21":[0,6]},"meta":{"lastBranch":22,"lastFunction":10,"lastStatement":75,"seen":{"s:18:39:35:Infinity":0,"s:117:12:120:Infinity":1,"f:122:9:122:Infinity":0,"s:126:2:129:Infinity":2,"b:127:4:127:Infinity:128:4:128:Infinity:129:4:129:Infinity":0,"f:133:9:133:Infinity":1,"s:138:4:147:Infinity":3,"s:150:4:159:Infinity":4,"b:161:2:178:Infinity:undefined:undefined:undefined:undefined":1,"s:161:2:178:Infinity":5,"b:162:4:165:Infinity:166:4:167:Infinity:168:4:169:Infinity:170:4:171:Infinity:172:4:173:Infinity":2,"s:175:4:177:Infinity":6,"s:180:2:183:Infinity":7,"f:186:16:186:Infinity":2,"b:190:2:198:Infinity:undefined:undefined:undefined:undefined":3,"s:190:2:198:Infinity":8,"s:195:4:197:Infinity":9,"b:200:2:208:Infinity:undefined:undefined:undefined:undefined":4,"s:200:2:208:Infinity":10,"s:205:4:207:Infinity":11,"s:211:4:213:Infinity":12,"s:216:4:218:Infinity":13,"s:221:4:221:Infinity":14,"s:223:28:223:Infinity":15,"s:225:2:250:Infinity":16,"s:227:6:227:Infinity":17,"b:235:4:237:Infinity:undefined:undefined:undefined:undefined":5,"s:235:4:237:Infinity":18,"s:236:6:236:Infinity":19,"s:239:4:249:Infinity":20,"s:253:4:260:Infinity":21,"f:253:15:253:Infinity":3,"s:255:8:259:Infinity":22,"b:262:2:268:Infinity:undefined:undefined:undefined:undefined":6,"s:262:2:268:Infinity":23,"s:265:4:267:Infinity":24,"s:270:2:270:Infinity":25,"f:273:15:273:Infinity":4,"b:276:22:276:Infinity":7,"s:279:4:297:Infinity":26,"b:299:2:303:Infinity:undefined:undefined:undefined:undefined":8,"s:299:2:303:Infinity":27,"s:300:4:302:Infinity":28,"s:306:4:306:Infinity":29,"b:311:2:315:Infinity:undefined:undefined:undefined:undefined":9,"s:311:2:315:Infinity":30,"s:312:4:314:Infinity":31,"s:317:2:317:Infinity":32,"f:320:9:320:Infinity":5,"b:324:2:331:Infinity:undefined:undefined:undefined:undefined":10,"s:324:2:331:Infinity":33,"b:325:4:325:Infinity:326:4:326:Infinity":11,"s:328:4:330:Infinity":34,"s:333:2:333:Infinity":35,"f:336:22:336:Infinity":6,"b:339:6:341:Infinity":12,"b:339:6:340:Infinity:341:6:341:Infinity":13,"s:347:4:347:Infinity":36,"s:350:4:356:Infinity":37,"s:359:4:361:Infinity":38,"b:363:2:370:Infinity:undefined:undefined:undefined:undefined":14,"s:363:2:370:Infinity":39,"s:367:4:369:Infinity":40,"s:373:4:379:Infinity":41,"s:382:4:386:Infinity":42,"s:389:4:396:Infinity":43,"b:400:2:410:Infinity:undefined:undefined:undefined:undefined":15,"s:400:2:410:Infinity":44,"b:401:4:401:Infinity:402:4:402:Infinity:403:4:405:Infinity":16,"s:407:4:409:Infinity":45,"s:413:4:423:Infinity":46,"b:425:2:431:Infinity:undefined:undefined:undefined:undefined":17,"s:425:2:431:Infinity":47,"s:428:4:430:Infinity":48,"s:434:4:453:Infinity":49,"s:456:4:475:Infinity":50,"s:478:4:484:Infinity":51,"s:487:4:493:Infinity":52,"s:496:4:499:Infinity":53,"s:502:4:504:Infinity":54,"s:508:4:548:Infinity":55,"s:550:2:558:Infinity":56,"f:561:16:561:Infinity":7,"s:565:2:659:Infinity":57,"s:570:6:570:Infinity":58,"b:572:4:581:Infinity:undefined:undefined:undefined:undefined":18,"s:572:4:581:Infinity":59,"s:580:6:580:Infinity":60,"s:587:6:587:Infinity":61,"b:589:4:632:Infinity:undefined:undefined:undefined:undefined":19,"s:589:4:632:Infinity":62,"b:590:6:591:Infinity:592:6:593:Infinity:594:6:595:Infinity:596:6:599:Infinity:600:6:603:Infinity:604:6:605:Infinity:606:6:607:Infinity:608:6:611:Infinity:612:6:615:Infinity:616:6:617:Infinity:618:6:619:Infinity:620:6:622:Infinity:623:6:623:Infinity:624:6:626:Infinity:627:6:629:Infinity":20,"s:631:6:631:Infinity":63,"b:634:4:643:Infinity:undefined:undefined:undefined:undefined":21,"s:634:4:643:Infinity":64,"s:642:6:642:Infinity":65,"s:646:6:649:Infinity":66,"s:651:4:655:Infinity":67,"s:658:4:658:Infinity":68,"f:662:16:662:Infinity":8,"s:666:2:687:Infinity":69,"f:690:16:690:Infinity":9,"s:695:4:699:Infinity":70,"s:701:2:707:Infinity":71,"s:710:4:713:Infinity":72,"s:715:2:726:Infinity":73,"s:728:2:728:Infinity":74},"fnNames":{}}}
,"/home/ubuntu/proof-gate/src/executor/base-sepolia-usdc.ts": {"path":"/home/ubuntu/proof-gate/src/executor/base-sepolia-usdc.ts","statementMap":{"0":{"start":{"line":18,"column":16},"end":{"line":21,"column":null}},"1":{"start":{"line":23,"column":14},"end":{"line":25,"column":null}},"2":{"start":{"line":27,"column":41},"end":{"line":30,"column":null}},"3":{"start":{"line":52,"column":2},"end":{"line":55,"column":null}},"4":{"start":{"line":60,"column":2},"end":{"line":62,"column":null}},"5":{"start":{"line":61,"column":40},"end":{"line":61,"column":54}},"6":{"start":{"line":62,"column":35},"end":{"line":62,"column":63}},"7":{"start":{"line":66,"column":18},"end":{"line":66,"column":null}},"8":{"start":{"line":67,"column":2},"end":{"line":67,"column":null}},"9":{"start":{"line":69,"column":2},"end":{"line":75,"column":null}},"10":{"start":{"line":81,"column":14},"end":{"line":81,"column":null}},"11":{"start":{"line":83,"column":2},"end":{"line":85,"column":null}},"12":{"start":{"line":84,"column":4},"end":{"line":84,"column":null}},"13":{"start":{"line":87,"column":2},"end":{"line":87,"column":null}},"14":{"start":{"line":96,"column":2},"end":{"line":114,"column":null}},"15":{"start":{"line":97,"column":4},"end":{"line":113,"column":null}},"16":{"start":{"line":98,"column":23},"end":{"line":98,"column":null}},"17":{"start":{"line":99,"column":22},"end":{"line":99,"column":null}},"18":{"start":{"line":101,"column":6},"end":{"line":103,"column":null}},"19":{"start":{"line":102,"column":8},"end":{"line":102,"column":null}},"20":{"start":{"line":105,"column":6},"end":{"line":105,"column":null}},"21":{"start":{"line":107,"column":6},"end":{"line":110,"column":null}},"22":{"start":{"line":116,"column":2},"end":{"line":116,"column":null}},"23":{"start":{"line":142,"column":2},"end":{"line":179,"column":null}},"24":{"start":{"line":142,"column":21},"end":{"line":142,"column":24}},"25":{"start":{"line":143,"column":4},"end":{"line":172,"column":null}},"26":{"start":{"line":144,"column":6},"end":{"line":171,"column":null}},"27":{"start":{"line":145,"column":25},"end":{"line":145,"column":null}},"28":{"start":{"line":147,"column":8},"end":{"line":149,"column":null}},"29":{"start":{"line":148,"column":10},"end":{"line":148,"column":null}},"30":{"start":{"line":152,"column":10},"end":{"line":152,"column":null}},"31":{"start":{"line":154,"column":8},"end":{"line":160,"column":null}},"32":{"start":{"line":155,"column":10},"end":{"line":159,"column":null}},"33":{"start":{"line":162,"column":8},"end":{"line":168,"column":null}},"34":{"start":{"line":163,"column":10},"end":{"line":167,"column":null}},"35":{"start":{"line":174,"column":4},"end":{"line":178,"column":null}},"36":{"start":{"line":175,"column":6},"end":{"line":177,"column":null}},"37":{"start":{"line":176,"column":8},"end":{"line":176,"column":null}},"38":{"start":{"line":181,"column":2},"end":{"line":185,"column":null}},"39":{"start":{"line":191,"column":2},"end":{"line":193,"column":null}},"40":{"start":{"line":192,"column":4},"end":{"line":192,"column":null}},"41":{"start":{"line":195,"column":2},"end":{"line":197,"column":null}},"42":{"start":{"line":196,"column":4},"end":{"line":196,"column":null}},"43":{"start":{"line":199,"column":2},"end":{"line":201,"column":null}},"44":{"start":{"line":200,"column":4},"end":{"line":200,"column":null}},"45":{"start":{"line":203,"column":2},"end":{"line":205,"column":null}},"46":{"start":{"line":204,"column":4},"end":{"line":204,"column":null}},"47":{"start":{"line":207,"column":2},"end":{"line":209,"column":null}},"48":{"start":{"line":208,"column":4},"end":{"line":208,"column":null}},"49":{"start":{"line":211,"column":2},"end":{"line":225,"column":null}},"50":{"start":{"line":231,"column":2},"end":{"line":233,"column":null}},"51":{"start":{"line":232,"column":4},"end":{"line":232,"column":null}},"52":{"start":{"line":236,"column":4},"end":{"line":236,"column":null}},"53":{"start":{"line":238,"column":15},"end":{"line":242,"column":null}},"54":{"start":{"line":244,"column":2},"end":{"line":246,"column":null}},"55":{"start":{"line":245,"column":4},"end":{"line":245,"column":null}},"56":{"start":{"line":249,"column":4},"end":{"line":250,"column":null}},"57":{"start":{"line":255,"column":6},"end":{"line":255,"column":null}},"58":{"start":{"line":258,"column":4},"end":{"line":261,"column":null}},"59":{"start":{"line":263,"column":20},"end":{"line":276,"column":null}},"60":{"start":{"line":278,"column":39},"end":{"line":278,"column":null}},"61":{"start":{"line":279,"column":29},"end":{"line":279,"column":null}},"62":{"start":{"line":281,"column":2},"end":{"line":391,"column":null}},"63":{"start":{"line":282,"column":4},"end":{"line":285,"column":null}},"64":{"start":{"line":288,"column":6},"end":{"line":293,"column":null}},"65":{"start":{"line":296,"column":6},"end":{"line":296,"column":null}},"66":{"start":{"line":298,"column":48},"end":{"line":305,"column":null}},"67":{"start":{"line":307,"column":4},"end":{"line":319,"column":null}},"68":{"start":{"line":311,"column":6},"end":{"line":311,"column":null}},"69":{"start":{"line":312,"column":6},"end":{"line":313,"column":null}},"70":{"start":{"line":314,"column":6},"end":{"line":315,"column":null}},"71":{"start":{"line":316,"column":11},"end":{"line":319,"column":null}},"72":{"start":{"line":317,"column":6},"end":{"line":318,"column":null}},"73":{"start":{"line":322,"column":6},"end":{"line":322,"column":null}},"74":{"start":{"line":324,"column":4},"end":{"line":325,"column":null}},"75":{"start":{"line":327,"column":4},"end":{"line":341,"column":null}},"76":{"start":{"line":343,"column":4},"end":{"line":365,"column":null}},"77":{"start":{"line":345,"column":6},"end":{"line":347,"column":null}},"78":{"start":{"line":349,"column":6},"end":{"line":364,"column":null}},"79":{"start":{"line":368,"column":6},"end":{"line":368,"column":null}},"80":{"start":{"line":370,"column":4},"end":{"line":388,"column":null}},"81":{"start":{"line":374,"column":6},"end":{"line":387,"column":null}},"82":{"start":{"line":390,"column":4},"end":{"line":390,"column":null}},"83":{"start":{"line":393,"column":2},"end":{"line":397,"column":null}},"84":{"start":{"line":394,"column":4},"end":{"line":396,"column":null}},"85":{"start":{"line":400,"column":4},"end":{"line":405,"column":null}},"86":{"start":{"line":407,"column":2},"end":{"line":427,"column":null}},"87":{"start":{"line":408,"column":4},"end":{"line":422,"column":null}},"88":{"start":{"line":424,"column":4},"end":{"line":426,"column":null}},"89":{"start":{"line":429,"column":2},"end":{"line":447,"column":null}},"90":{"start":{"line":430,"column":4},"end":{"line":441,"column":null}},"91":{"start":{"line":443,"column":4},"end":{"line":446,"column":null}},"92":{"start":{"line":449,"column":2},"end":{"line":463,"column":null}},"93":{"start":{"line":465,"column":2},"end":{"line":478,"column":null}},"94":{"start":{"line":488,"column":4},"end":{"line":491,"column":null}},"95":{"start":{"line":493,"column":2},"end":{"line":498,"column":null}}},"fnMap":{"0":{"name":"addressesEqual","decl":{"start":{"line":51,"column":9},"end":{"line":51,"column":24}},"loc":{"start":{"line":51,"column":55},"end":{"line":57,"column":null}},"line":51},"1":{"name":"uniqueRpcs","decl":{"start":{"line":59,"column":9},"end":{"line":59,"column":20}},"loc":{"start":{"line":59,"column":65},"end":{"line":63,"column":null}},"line":59},"2":{"name":"(anonymous_2)","decl":{"start":{"line":61,"column":5},"end":{"line":61,"column":13}},"loc":{"start":{"line":61,"column":40},"end":{"line":61,"column":54}},"line":61},"3":{"name":"(anonymous_3)","decl":{"start":{"line":62,"column":5},"end":{"line":62,"column":13}},"loc":{"start":{"line":62,"column":35},"end":{"line":62,"column":63}},"line":62},"4":{"name":"providerFor","decl":{"start":{"line":65,"column":9},"end":{"line":65,"column":21}},"loc":{"start":{"line":65,"column":58},"end":{"line":76,"column":null}},"line":65},"5":{"name":"actualChainId","decl":{"start":{"line":78,"column":15},"end":{"line":78,"column":null}},"loc":{"start":{"line":80,"column":19},"end":{"line":88,"column":null}},"line":80},"6":{"name":"firstHealthyProvider","decl":{"start":{"line":90,"column":15},"end":{"line":90,"column":null}},"loc":{"start":{"line":95,"column":3},"end":{"line":117,"column":null}},"line":95},"7":{"name":"reconcileTransaction","decl":{"start":{"line":136,"column":15},"end":{"line":136,"column":null}},"loc":{"start":{"line":141,"column":27},"end":{"line":186,"column":null}},"line":141},"8":{"name":"(anonymous_8)","decl":{"start":{"line":175,"column":16},"end":{"line":175,"column":25}},"loc":{"start":{"line":176,"column":8},"end":{"line":176,"column":null}},"line":176},"9":{"name":"prepareBaseSepoliaUsdcTransfer","decl":{"start":{"line":188,"column":16},"end":{"line":188,"column":null}},"loc":{"start":{"line":190,"column":24},"end":{"line":226,"column":null}},"line":190},"10":{"name":"executeBaseSepoliaUsdcTransfer","decl":{"start":{"line":228,"column":22},"end":{"line":228,"column":null}},"loc":{"start":{"line":230,"column":37},"end":{"line":479,"column":null}},"line":230},"11":{"name":"decodePreparedTransfer","decl":{"start":{"line":481,"column":16},"end":{"line":481,"column":null}},"loc":{"start":{"line":486,"column":2},"end":{"line":499,"column":null}},"line":486}},"branchMap":{"0":{"loc":{"start":{"line":53,"column":4},"end":{"line":55,"column":null}},"type":"binary-expr","locations":[{"start":{"line":53,"column":4},"end":{"line":53,"column":null}},{"start":{"line":54,"column":4},"end":{"line":54,"column":null}},{"start":{"line":55,"column":4},"end":{"line":55,"column":null}}],"line":53},"1":{"loc":{"start":{"line":83,"column":2},"end":{"line":85,"column":null}},"type":"if","locations":[{"start":{"line":83,"column":2},"end":{"line":85,"column":null}},{"start":{},"end":{}}],"line":83},"2":{"loc":{"start":{"line":101,"column":6},"end":{"line":103,"column":null}},"type":"if","locations":[{"start":{"line":101,"column":6},"end":{"line":103,"column":null}},{"start":{},"end":{}}],"line":101},"3":{"loc":{"start":{"line":147,"column":8},"end":{"line":149,"column":null}},"type":"if","locations":[{"start":{"line":147,"column":8},"end":{"line":149,"column":null}},{"start":{},"end":{}}],"line":147},"4":{"loc":{"start":{"line":154,"column":8},"end":{"line":160,"column":null}},"type":"if","locations":[{"start":{"line":154,"column":8},"end":{"line":160,"column":null}},{"start":{},"end":{}}],"line":154},"5":{"loc":{"start":{"line":162,"column":8},"end":{"line":168,"column":null}},"type":"if","locations":[{"start":{"line":162,"column":8},"end":{"line":168,"column":null}},{"start":{},"end":{}}],"line":162},"6":{"loc":{"start":{"line":174,"column":4},"end":{"line":178,"column":null}},"type":"if","locations":[{"start":{"line":174,"column":4},"end":{"line":178,"column":null}},{"start":{},"end":{}}],"line":174},"7":{"loc":{"start":{"line":191,"column":2},"end":{"line":193,"column":null}},"type":"if","locations":[{"start":{"line":191,"column":2},"end":{"line":193,"column":null}},{"start":{},"end":{}}],"line":191},"8":{"loc":{"start":{"line":195,"column":2},"end":{"line":197,"column":null}},"type":"if","locations":[{"start":{"line":195,"column":2},"end":{"line":197,"column":null}},{"start":{},"end":{}}],"line":195},"9":{"loc":{"start":{"line":199,"column":2},"end":{"line":201,"column":null}},"type":"if","locations":[{"start":{"line":199,"column":2},"end":{"line":201,"column":null}},{"start":{},"end":{}}],"line":199},"10":{"loc":{"start":{"line":203,"column":2},"end":{"line":205,"column":null}},"type":"if","locations":[{"start":{"line":203,"column":2},"end":{"line":205,"column":null}},{"start":{},"end":{}}],"line":203},"11":{"loc":{"start":{"line":207,"column":2},"end":{"line":209,"column":null}},"type":"if","locations":[{"start":{"line":207,"column":2},"end":{"line":209,"column":null}},{"start":{},"end":{}}],"line":207},"12":{"loc":{"start":{"line":231,"column":2},"end":{"line":233,"column":null}},"type":"if","locations":[{"start":{"line":231,"column":2},"end":{"line":233,"column":null}},{"start":{},"end":{}}],"line":231},"13":{"loc":{"start":{"line":239,"column":8},"end":{"line":239,"column":null}},"type":"binary-expr","locations":[{"start":{"line":239,"column":8},"end":{"line":239,"column":25}},{"start":{"line":239,"column":25},"end":{"line":239,"column":null}}],"line":239},"14":{"loc":{"start":{"line":244,"column":2},"end":{"line":246,"column":null}},"type":"if","locations":[{"start":{"line":244,"column":2},"end":{"line":246,"column":null}},{"start":{},"end":{}}],"line":244},"15":{"loc":{"start":{"line":249,"column":4},"end":{"line":250,"column":null}},"type":"binary-expr","locations":[{"start":{"line":249,"column":4},"end":{"line":249,"column":null}},{"start":{"line":250,"column":4},"end":{"line":250,"column":null}}],"line":249},"16":{"loc":{"start":{"line":307,"column":4},"end":{"line":319,"column":null}},"type":"if","locations":[{"start":{"line":307,"column":4},"end":{"line":319,"column":null}},{"start":{"line":316,"column":11},"end":{"line":319,"column":null}}],"line":307},"17":{"loc":{"start":{"line":308,"column":6},"end":{"line":309,"column":null}},"type":"binary-expr","locations":[{"start":{"line":308,"column":6},"end":{"line":308,"column":null}},{"start":{"line":309,"column":6},"end":{"line":309,"column":null}}],"line":308},"18":{"loc":{"start":{"line":316,"column":11},"end":{"line":319,"column":null}},"type":"if","locations":[{"start":{"line":316,"column":11},"end":{"line":319,"column":null}},{"start":{},"end":{}}],"line":316},"19":{"loc":{"start":{"line":359,"column":14},"end":{"line":361,"column":null}},"type":"cond-expr","locations":[{"start":{"line":360,"column":18},"end":{"line":360,"column":null}},{"start":{"line":361,"column":18},"end":{"line":361,"column":null}}],"line":359},"20":{"loc":{"start":{"line":370,"column":4},"end":{"line":388,"column":null}},"type":"if","locations":[{"start":{"line":370,"column":4},"end":{"line":388,"column":null}},{"start":{},"end":{}}],"line":370},"21":{"loc":{"start":{"line":371,"column":6},"end":{"line":372,"column":null}},"type":"binary-expr","locations":[{"start":{"line":371,"column":6},"end":{"line":371,"column":null}},{"start":{"line":372,"column":6},"end":{"line":372,"column":null}}],"line":371},"22":{"loc":{"start":{"line":382,"column":14},"end":{"line":384,"column":null}},"type":"cond-expr","locations":[{"start":{"line":383,"column":18},"end":{"line":383,"column":null}},{"start":{"line":384,"column":18},"end":{"line":384,"column":null}}],"line":382},"23":{"loc":{"start":{"line":393,"column":2},"end":{"line":397,"column":null}},"type":"if","locations":[{"start":{"line":393,"column":2},"end":{"line":397,"column":null}},{"start":{},"end":{}}],"line":393},"24":{"loc":{"start":{"line":393,"column":6},"end":{"line":393,"column":42}},"type":"binary-expr","locations":[{"start":{"line":393,"column":6},"end":{"line":393,"column":26}},{"start":{"line":393,"column":26},"end":{"line":393,"column":42}}],"line":393},"25":{"loc":{"start":{"line":403,"column":6},"end":{"line":403,"column":null}},"type":"binary-expr","locations":[{"start":{"line":403,"column":6},"end":{"line":403,"column":36}},{"start":{"line":403,"column":36},"end":{"line":403,"column":null}}],"line":403},"26":{"loc":{"start":{"line":404,"column":6},"end":{"line":404,"column":null}},"type":"binary-expr","locations":[{"start":{"line":404,"column":6},"end":{"line":404,"column":35}},{"start":{"line":404,"column":35},"end":{"line":404,"column":null}}],"line":404},"27":{"loc":{"start":{"line":407,"column":2},"end":{"line":427,"column":null}},"type":"if","locations":[{"start":{"line":407,"column":2},"end":{"line":427,"column":null}},{"start":{},"end":{}}],"line":407},"28":{"loc":{"start":{"line":429,"column":2},"end":{"line":447,"column":null}},"type":"if","locations":[{"start":{"line":429,"column":2},"end":{"line":447,"column":null}},{"start":{},"end":{}}],"line":429}},"s":{"0":1,"1":1,"2":1,"3":2,"4":0,"5":0,"6":0,"7":0,"8":0,"9":0,"10":0,"11":0,"12":0,"13":0,"14":0,"15":0,"16":0,"17":0,"18":0,"19":0,"20":0,"21":0,"22":0,"23":0,"24":0,"25":0,"26":0,"27":0,"28":0,"29":0,"30":0,"31":0,"32":0,"33":0,"34":0,"35":0,"36":0,"37":0,"38":0,"39":3,"40":0,"41":3,"42":1,"43":2,"44":1,"45":1,"46":0,"47":1,"48":0,"49":1,"50":0,"51":0,"52":0,"53":0,"54":0,"55":0,"56":0,"57":0,"58":0,"59":0,"60":0,"61":0,"62":0,"63":0,"64":0,"65":0,"66":0,"67":0,"68":0,"69":0,"70":0,"71":0,"72":0,"73":0,"74":0,"75":0,"76":0,"77":0,"78":0,"79":0,"80":0,"81":0,"82":0,"83":0,"84":0,"85":0,"86":0,"87":0,"88":0,"89":0,"90":0,"91":0,"92":0,"93":0,"94":1,"95":1},"f":{"0":2,"1":0,"2":0,"3":0,"4":0,"5":0,"6":0,"7":0,"8":0,"9":3,"10":0,"11":1},"b":{"0":[2,2,2],"1":[0,0],"2":[0,0],"3":[0,0],"4":[0,0],"5":[0,0],"6":[0,0],"7":[0,3],"8":[1,2],"9":[1,1],"10":[0,1],"11":[0,1],"12":[0,0],"13":[0,0],"14":[0,0],"15":[0,0],"16":[0,0],"17":[0,0],"18":[0,0],"19":[0,0],"20":[0,0],"21":[0,0],"22":[0,0],"23":[0,0],"24":[0,0],"25":[0,0],"26":[0,0],"27":[0,0],"28":[0,0]},"meta":{"lastBranch":29,"lastFunction":12,"lastStatement":96,"seen":{"s:18:16:21:Infinity":0,"s:23:14:25:Infinity":1,"s:27:41:30:Infinity":2,"f:51:9:51:24":0,"s:52:2:55:Infinity":3,"b:53:4:53:Infinity:54:4:54:Infinity:55:4:55:Infinity":0,"f:59:9:59:20":1,"s:60:2:62:Infinity":4,"f:61:5:61:13":2,"s:61:40:61:54":5,"f:62:5:62:13":3,"s:62:35:62:63":6,"f:65:9:65:21":4,"s:66:18:66:Infinity":7,"s:67:2:67:Infinity":8,"s:69:2:75:Infinity":9,"f:78:15:78:Infinity":5,"s:81:14:81:Infinity":10,"b:83:2:85:Infinity:undefined:undefined:undefined:undefined":1,"s:83:2:85:Infinity":11,"s:84:4:84:Infinity":12,"s:87:2:87:Infinity":13,"f:90:15:90:Infinity":6,"s:96:2:114:Infinity":14,"s:97:4:113:Infinity":15,"s:98:23:98:Infinity":16,"s:99:22:99:Infinity":17,"b:101:6:103:Infinity:undefined:undefined:undefined:undefined":2,"s:101:6:103:Infinity":18,"s:102:8:102:Infinity":19,"s:105:6:105:Infinity":20,"s:107:6:110:Infinity":21,"s:116:2:116:Infinity":22,"f:136:15:136:Infinity":7,"s:142:2:179:Infinity":23,"s:142:21:142:24":24,"s:143:4:172:Infinity":25,"s:144:6:171:Infinity":26,"s:145:25:145:Infinity":27,"b:147:8:149:Infinity:undefined:undefined:undefined:undefined":3,"s:147:8:149:Infinity":28,"s:148:10:148:Infinity":29,"s:152:10:152:Infinity":30,"b:154:8:160:Infinity:undefined:undefined:undefined:undefined":4,"s:154:8:160:Infinity":31,"s:155:10:159:Infinity":32,"b:162:8:168:Infinity:undefined:undefined:undefined:undefined":5,"s:162:8:168:Infinity":33,"s:163:10:167:Infinity":34,"b:174:4:178:Infinity:undefined:undefined:undefined:undefined":6,"s:174:4:178:Infinity":35,"s:175:6:177:Infinity":36,"f:175:16:175:25":8,"s:176:8:176:Infinity":37,"s:181:2:185:Infinity":38,"f:188:16:188:Infinity":9,"b:191:2:193:Infinity:undefined:undefined:undefined:undefined":7,"s:191:2:193:Infinity":39,"s:192:4:192:Infinity":40,"b:195:2:197:Infinity:undefined:undefined:undefined:undefined":8,"s:195:2:197:Infinity":41,"s:196:4:196:Infinity":42,"b:199:2:201:Infinity:undefined:undefined:undefined:undefined":9,"s:199:2:201:Infinity":43,"s:200:4:200:Infinity":44,"b:203:2:205:Infinity:undefined:undefined:undefined:undefined":10,"s:203:2:205:Infinity":45,"s:204:4:204:Infinity":46,"b:207:2:209:Infinity:undefined:undefined:undefined:undefined":11,"s:207:2:209:Infinity":47,"s:208:4:208:Infinity":48,"s:211:2:225:Infinity":49,"f:228:22:228:Infinity":10,"b:231:2:233:Infinity:undefined:undefined:undefined:undefined":12,"s:231:2:233:Infinity":50,"s:232:4:232:Infinity":51,"s:236:4:236:Infinity":52,"s:238:15:242:Infinity":53,"b:239:8:239:25:239:25:239:Infinity":13,"b:244:2:246:Infinity:undefined:undefined:undefined:undefined":14,"s:244:2:246:Infinity":54,"s:245:4:245:Infinity":55,"s:249:4:250:Infinity":56,"b:249:4:249:Infinity:250:4:250:Infinity":15,"s:255:6:255:Infinity":57,"s:258:4:261:Infinity":58,"s:263:20:276:Infinity":59,"s:278:39:278:Infinity":60,"s:279:29:279:Infinity":61,"s:281:2:391:Infinity":62,"s:282:4:285:Infinity":63,"s:288:6:293:Infinity":64,"s:296:6:296:Infinity":65,"s:298:48:305:Infinity":66,"b:307:4:319:Infinity:316:11:319:Infinity":16,"s:307:4:319:Infinity":67,"b:308:6:308:Infinity:309:6:309:Infinity":17,"s:311:6:311:Infinity":68,"s:312:6:313:Infinity":69,"s:314:6:315:Infinity":70,"b:316:11:319:Infinity:undefined:undefined:undefined:undefined":18,"s:316:11:319:Infinity":71,"s:317:6:318:Infinity":72,"s:322:6:322:Infinity":73,"s:324:4:325:Infinity":74,"s:327:4:341:Infinity":75,"s:343:4:365:Infinity":76,"s:345:6:347:Infinity":77,"s:349:6:364:Infinity":78,"b:360:18:360:Infinity:361:18:361:Infinity":19,"s:368:6:368:Infinity":79,"b:370:4:388:Infinity:undefined:undefined:undefined:undefined":20,"s:370:4:388:Infinity":80,"b:371:6:371:Infinity:372:6:372:Infinity":21,"s:374:6:387:Infinity":81,"b:383:18:383:Infinity:384:18:384:Infinity":22,"s:390:4:390:Infinity":82,"b:393:2:397:Infinity:undefined:undefined:undefined:undefined":23,"s:393:2:397:Infinity":83,"b:393:6:393:26:393:26:393:42":24,"s:394:4:396:Infinity":84,"s:400:4:405:Infinity":85,"b:403:6:403:36:403:36:403:Infinity":25,"b:404:6:404:35:404:35:404:Infinity":26,"b:407:2:427:Infinity:undefined:undefined:undefined:undefined":27,"s:407:2:427:Infinity":86,"s:408:4:422:Infinity":87,"s:424:4:426:Infinity":88,"b:429:2:447:Infinity:undefined:undefined:undefined:undefined":28,"s:429:2:447:Infinity":89,"s:430:4:441:Infinity":90,"s:443:4:446:Infinity":91,"s:449:2:463:Infinity":92,"s:465:2:478:Infinity":93,"f:481:16:481:Infinity":11,"s:488:4:491:Infinity":94,"s:493:2:498:Infinity":95},"fnNames":{}}}
,"/home/ubuntu/proof-gate/src/executor/controlled-executor.ts": {"path":"/home/ubuntu/proof-gate/src/executor/controlled-executor.ts","statementMap":{"0":{"start":{"line":33,"column":4},"end":{"line":33,"column":null}},"1":{"start":{"line":31,"column":20},"end":{"line":31,"column":null}},"2":{"start":{"line":34,"column":4},"end":{"line":34,"column":null}},"3":{"start":{"line":53,"column":14},"end":{"line":53,"column":null}},"4":{"start":{"line":55,"column":23},"end":{"line":63,"column":null}},"5":{"start":{"line":65,"column":2},"end":{"line":70,"column":null}},"6":{"start":{"line":66,"column":4},"end":{"line":69,"column":null}},"7":{"start":{"line":73,"column":2},"end":{"line":85,"column":null}},"8":{"start":{"line":74,"column":4},"end":{"line":78,"column":null}},"9":{"start":{"line":80,"column":4},"end":{"line":84,"column":null}},"10":{"start":{"line":87,"column":2},"end":{"line":92,"column":null}},"11":{"start":{"line":88,"column":4},"end":{"line":91,"column":null}},"12":{"start":{"line":94,"column":2},"end":{"line":122,"column":null}},"13":{"start":{"line":95,"column":19},"end":{"line":95,"column":null}},"14":{"start":{"line":97,"column":4},"end":{"line":102,"column":null}},"15":{"start":{"line":104,"column":4},"end":{"line":114,"column":null}},"16":{"start":{"line":105,"column":6},"end":{"line":113,"column":null}},"17":{"start":{"line":116,"column":4},"end":{"line":121,"column":null}}},"fnMap":{"0":{"name":"constructor","decl":{"start":{"line":29,"column":2},"end":{"line":29,"column":null}},"loc":{"start":{"line":32,"column":4},"end":{"line":35,"column":null}},"line":32},"1":{"name":"executeProtectedAction","decl":{"start":{"line":50,"column":22},"end":{"line":50,"column":null}},"loc":{"start":{"line":52,"column":30},"end":{"line":123,"column":null}},"line":52}},"branchMap":{"0":{"loc":{"start":{"line":53,"column":14},"end":{"line":53,"column":null}},"type":"binary-expr","locations":[{"start":{"line":53,"column":14},"end":{"line":53,"column":27}},{"start":{"line":53,"column":27},"end":{"line":53,"column":null}}],"line":53},"1":{"loc":{"start":{"line":65,"column":2},"end":{"line":70,"column":null}},"type":"if","locations":[{"start":{"line":65,"column":2},"end":{"line":70,"column":null}},{"start":{},"end":{}}],"line":65},"2":{"loc":{"start":{"line":87,"column":2},"end":{"line":92,"column":null}},"type":"if","locations":[{"start":{"line":87,"column":2},"end":{"line":92,"column":null}},{"start":{},"end":{}}],"line":87},"3":{"loc":{"start":{"line":104,"column":4},"end":{"line":114,"column":null}},"type":"if","locations":[{"start":{"line":104,"column":4},"end":{"line":114,"column":null}},{"start":{},"end":{}}],"line":104},"4":{"loc":{"start":{"line":110,"column":12},"end":{"line":112,"column":null}},"type":"cond-expr","locations":[{"start":{"line":111,"column":12},"end":{"line":111,"column":null}},{"start":{"line":112,"column":12},"end":{"line":112,"column":null}}],"line":110},"5":{"loc":{"start":{"line":120,"column":13},"end":{"line":120,"column":null}},"type":"cond-expr","locations":[{"start":{"line":120,"column":38},"end":{"line":120,"column":54}},{"start":{"line":120,"column":54},"end":{"line":120,"column":null}}],"line":120}},"s":{"0":1,"1":1,"2":1,"3":19,"4":19,"5":19,"6":3,"7":16,"8":16,"9":5,"10":11,"11":5,"12":6,"13":6,"14":5,"15":1,"16":1,"17":0},"f":{"0":1,"1":19},"b":{"0":[19,0],"1":[3,16],"2":[5,6],"3":[1,0],"4":[1,0],"5":[0,0]},"meta":{"lastBranch":6,"lastFunction":2,"lastStatement":18,"seen":{"f:29:2:29:Infinity":0,"s:33:4:33:Infinity":0,"s:31:20:31:Infinity":1,"s:34:4:34:Infinity":2,"f:50:22:50:Infinity":1,"s:53:14:53:Infinity":3,"b:53:14:53:27:53:27:53:Infinity":0,"s:55:23:63:Infinity":4,"b:65:2:70:Infinity:undefined:undefined:undefined:undefined":1,"s:65:2:70:Infinity":5,"s:66:4:69:Infinity":6,"s:73:2:85:Infinity":7,"s:74:4:78:Infinity":8,"s:80:4:84:Infinity":9,"b:87:2:92:Infinity:undefined:undefined:undefined:undefined":2,"s:87:2:92:Infinity":10,"s:88:4:91:Infinity":11,"s:94:2:122:Infinity":12,"s:95:19:95:Infinity":13,"s:97:4:102:Infinity":14,"b:104:4:114:Infinity:undefined:undefined:undefined:undefined":3,"s:104:4:114:Infinity":15,"s:105:6:113:Infinity":16,"b:111:12:111:Infinity:112:12:112:Infinity":4,"s:116:4:121:Infinity":17,"b:120:38:120:54:120:54:120:Infinity":5},"fnNames":{}}}
[...]
07:Infinity":63,"b:509:8:509:Infinity:510:8:510:Infinity":64,"f:514:9:514:Infinity":26,"b:518:2:518:Infinity:undefined:undefined:undefined:undefined":65,"s:518:2:518:Infinity":133,"s:518:14:518:Infinity":134,"s:520:16:520:Infinity":135,"s:521:23:521:Infinity":136,"s:523:2:528:Infinity":137,"b:524:4:526:Infinity:undefined:undefined:undefined:undefined":66,"s:524:4:526:Infinity":138,"b:524:8:524:28:524:28:524:46":67,"s:525:6:525:Infinity":139,"s:527:4:527:Infinity":140,"s:530:2:530:Infinity":141,"f:533:9:533:Infinity":27,"s:537:16:537:Infinity":142,"s:538:2:538:Infinity":143,"b:538:53:538:61:538:61:538:Infinity":68,"b:538:9:538:38:538:38:538:53":69,"f:541:9:541:Infinity":28,"s:545:16:545:Infinity":144,"s:547:2:552:Infinity":145,"b:551:6:551:Infinity:552:6:552:Infinity":70,"b:547:9:547:Infinity:548:4:548:Infinity:549:4:549:Infinity:550:4:550:Infinity":71,"f:555:9:555:43":29,"s:560:27:566:Infinity":146,"f:565:5:565:13":30,"s:565:40:565:65":147,"f:566:5:566:10":31,"s:566:20:566:46":148,"b:568:2:574:Infinity:undefined:undefined:undefined:undefined":72,"s:568:2:574:Infinity":149,"f:569:21:569:27":32,"s:570:6:570:Infinity":150,"s:573:4:573:Infinity":151,"b:576:2:578:Infinity:undefined:undefined:undefined:undefined":73,"s:576:2:578:Infinity":152,"s:577:4:577:Infinity":153,"s:580:20:580:Infinity":154,"b:582:2:597:Infinity:undefined:undefined:undefined:undefined":74,"s:582:2:597:Infinity":155,"b:583:4:583:Infinity:584:4:584:Infinity:585:4:585:Infinity:586:4:586:Infinity:587:4:587:Infinity:588:4:588:Infinity":75,"s:596:4:596:Infinity":156,"s:599:2:599:Infinity":157,"f:602:16:602:Infinity":33,"s:606:2:610:Infinity":158,"f:613:16:613:Infinity":34,"s:619:4:619:Infinity":159,"s:621:18:621:Infinity":160,"s:624:4:624:Infinity":161,"s:627:4:627:Infinity":162,"s:630:4:630:Infinity":163,"s:633:4:637:Infinity":164,"s:639:2:665:Infinity":165,"b:644:10:644:Infinity:645:10:645:Infinity":76,"b:642:6:642:Infinity:643:6:643:Infinity":77,"b:650:10:650:Infinity:651:10:651:Infinity":78,"b:648:6:648:Infinity:649:6:649:Infinity":79,"b:656:10:656:Infinity:657:10:657:Infinity":80,"b:654:6:654:Infinity:655:6:655:Infinity":81,"b:662:10:662:Infinity:663:10:663:Infinity":82,"b:660:6:660:Infinity:661:6:661:Infinity":83,"f:668:16:668:Infinity":35,"b:671:2:671:Infinity:undefined:undefined:undefined:undefined":84,"s:671:2:671:Infinity":166,"s:671:28:671:Infinity":167,"b:672:2:672:Infinity:undefined:undefined:undefined:undefined":85,"s:672:2:672:Infinity":168,"s:672:27:672:Infinity":169,"s:673:2:673:Infinity":170},"fnNames":{}}}
,"/home/ubuntu/proof-gate/src/telegraph/verification-planner.ts": {"path":"/home/ubuntu/proof-gate/src/telegraph/verification-planner.ts","statementMap":{"0":{"start":{"line":3,"column":36},"end":{"line":3,"column":null}},"1":{"start":{"line":24,"column":2},"end":{"line":26,"column":null}},"2":{"start":{"line":25,"column":4},"end":{"line":25,"column":null}},"3":{"start":{"line":28,"column":18},"end":{"line":28,"column":null}},"4":{"start":{"line":29,"column":18},"end":{"line":29,"column":null}},"5":{"start":{"line":31,"column":16},"end":{"line":43,"column":null}},"6":{"start":{"line":45,"column":2},"end":{"line":59,"column":null}}},"fnMap":{"0":{"name":"createPaymentVerificationPlan","decl":{"start":{"line":21,"column":16},"end":{"line":21,"column":null}},"loc":{"start":{"line":23,"column":29},"end":{"line":60,"column":null}},"line":23}},"branchMap":{"0":{"loc":{"start":{"line":24,"column":2},"end":{"line":26,"column":null}},"type":"if","locations":[{"start":{"line":24,"column":2},"end":{"line":26,"column":null}},{"start":{},"end":{}}],"line":24}},"s":{"0":2,"1":8,"2":0,"3":8,"4":8,"5":8,"6":8},"f":{"0":8},"b":{"0":[0,8]},"meta":{"lastBranch":1,"lastFunction":1,"lastStatement":7,"seen":{"s:3:36:3:Infinity":0,"f:21:16:21:Infinity":0,"b:24:2:26:Infinity:undefined:undefined:undefined:undefined":0,"s:24:2:26:Infinity":1,"s:25:4:25:Infinity":2,"s:28:18:28:Infinity":3,"s:29:18:29:Infinity":4,"s:31:16:43:Infinity":5,"s:45:2:59:Infinity":6},"fnNames":{}}}
,"/home/ubuntu/proof-gate/src/telegraph/x402-policy.ts": {"path":"/home/ubuntu/proof-gate/src/telegraph/x402-policy.ts","statementMap":{"0":{"start":{"line":1,"column":37},"end":{"line":7,"column":null}},"1":{"start":{"line":62,"column":18},"end":{"line":62,"column":null}},"2":{"start":{"line":63,"column":2},"end":{"line":63,"column":null}},"3":{"start":{"line":67,"column":2},"end":{"line":67,"column":null}},"4":{"start":{"line":71,"column":2},"end":{"line":71,"column":null}},"5":{"start":{"line":75,"column":2},"end":{"line":77,"column":null}},"6":{"start":{"line":82,"column":2},"end":{"line":82,"column":null}},"7":{"start":{"line":86,"column":14},"end":{"line":86,"column":null}},"8":{"start":{"line":88,"column":2},"end":{"line":90,"column":null}},"9":{"start":{"line":89,"column":4},"end":{"line":89,"column":null}},"10":{"start":{"line":92,"column":2},"end":{"line":94,"column":null}},"11":{"start":{"line":93,"column":4},"end":{"line":93,"column":null}},"12":{"start":{"line":96,"column":2},"end":{"line":98,"column":null}},"13":{"start":{"line":97,"column":4},"end":{"line":97,"column":null}},"14":{"start":{"line":100,"column":37},"end":{"line":128,"column":null}},"15":{"start":{"line":101,"column":4},"end":{"line":103,"column":null}},"16":{"start":{"line":102,"column":6},"end":{"line":102,"column":null}},"17":{"start":{"line":105,"column":17},"end":{"line":113,"column":null}},"18":{"start":{"line":115,"column":4},"end":{"line":125,"column":null}},"19":{"start":{"line":124,"column":6},"end":{"line":124,"column":null}},"20":{"start":{"line":127,"column":4},"end":{"line":127,"column":null}},"21":{"start":{"line":130,"column":2},"end":{"line":134,"column":null}},"22":{"start":{"line":140,"column":2},"end":{"line":145,"column":null}},"23":{"start":{"line":141,"column":4},"end":{"line":144,"column":null}},"24":{"start":{"line":147,"column":15},"end":{"line":152,"column":null}},"25":{"start":{"line":149,"column":6},"end":{"line":151,"column":null}},"26":{"start":{"line":154,"column":2},"end":{"line":159,"column":null}},"27":{"start":{"line":155,"column":4},"end":{"line":158,"column":null}},"28":{"start":{"line":161,"column":2},"end":{"line":167,"column":null}},"29":{"start":{"line":162,"column":4},"end":{"line":166,"column":null}},"30":{"start":{"line":169,"column":2},"end":{"line":175,"column":null}},"31":{"start":{"line":170,"column":4},"end":{"line":174,"column":null}},"32":{"start":{"line":177,"column":17},"end":{"line":177,"column":null}},"33":{"start":{"line":179,"column":2},"end":{"line":185,"column":null}},"34":{"start":{"line":180,"column":4},"end":{"line":184,"column":null}},"35":{"start":{"line":187,"column":2},"end":{"line":191,"column":null}},"36":{"start":{"line":197,"column":2},"end":{"line":205,"column":null}},"37":{"start":{"line":198,"column":4},"end":{"line":204,"column":null}},"38":{"start":{"line":209,"column":2},"end":{"line":219,"column":null}},"39":{"start":{"line":210,"column":4},"end":{"line":210,"column":null}},"40":{"start":{"line":212,"column":4},"end":{"line":218,"column":null}},"41":{"start":{"line":221,"column":2},"end":{"line":229,"column":null}},"42":{"start":{"line":222,"column":4},"end":{"line":228,"column":null}},"43":{"start":{"line":231,"column":18},"end":{"line":231,"column":null}},"44":{"start":{"line":232,"column":22},"end":{"line":234,"column":null}},"45":{"start":{"line":235,"column":22},"end":{"line":237,"column":null}},"46":{"start":{"line":239,"column":2},"end":{"line":247,"column":null}},"47":{"start":{"line":240,"column":4},"end":{"line":246,"column":null}},"48":{"start":{"line":249,"column":8},"end":{"line":249,"column":null}},"49":{"start":{"line":251,"column":2},"end":{"line":259,"column":null}},"50":{"start":{"line":252,"column":4},"end":{"line":258,"column":null}},"51":{"start":{"line":261,"column":2},"end":{"line":269,"column":null}},"52":{"start":{"line":262,"column":4},"end":{"line":268,"column":null}},"53":{"start":{"line":271,"column":2},"end":{"line":277,"column":null}}},"fnMap":{"0":{"name":"decodeBase64Json","decl":{"start":{"line":61,"column":9},"end":{"line":61,"column":26}},"loc":{"start":{"line":61,"column":50},"end":{"line":64,"column":null}},"line":61},"1":{"name":"isPlainObject","decl":{"start":{"line":66,"column":9},"end":{"line":66,"column":23}},"loc":{"start":{"line":66,"column":73},"end":{"line":68,"column":null}},"line":66},"2":{"name":"isAddressLike","decl":{"start":{"line":70,"column":9},"end":{"line":70,"column":23}},"loc":{"start":{"line":70,"column":47},"end":{"line":72,"column":null}},"line":70},"3":{"name":"isNonZeroAddress","decl":{"start":{"line":74,"column":9},"end":{"line":74,"column":26}},"loc":{"start":{"line":74,"column":50},"end":{"line":79,"column":null}},"line":74},"4":{"name":"addressesEqual","decl":{"start":{"line":81,"column":9},"end":{"line":81,"column":24}},"loc":{"start":{"line":81,"column":55},"end":{"line":83,"column":null}},"line":81},"5":{"name":"parsePaymentRequiredHeader","decl":{"start":{"line":85,"column":16},"end":{"line":85,"column":43}},"loc":{"start":{"line":85,"column":80},"end":{"line":135,"column":null}},"line":85},"6":{"name":"(anonymous_6)","decl":{"start":{"line":100,"column":49},"end":{"line":100,"column":54}},"loc":{"start":{"line":100,"column":64},"end":{"line":128,"column":3}},"line":100},"7":{"name":"selectApprovedTelegraphPaymentLane","decl":{"start":{"line":137,"column":16},"end":{"line":137,"column":null}},"loc":{"start":{"line":139,"column":20},"end":{"line":192,"column":null}},"line":139},"8":{"name":"(anonymous_8)","decl":{"start":{"line":147,"column":33},"end":{"line":147,"column":null}},"loc":{"start":{"line":149,"column":6},"end":{"line":151,"column":null}},"line":149},"9":{"name":"classifyPaymentResponseHeader","decl":{"start":{"line":194,"column":16},"end":{"line":194,"column":null}},"loc":{"start":{"line":196,"column":24},"end":{"line":278,"column":null}},"line":196}},"branchMap":{"0":{"loc":{"start":{"line":67,"column":9},"end":{"line":67,"column":null}},"type":"binary-expr","locations":[{"start":{"line":67,"column":9},"end":{"line":67,"column":27}},{"start":{"line":67,"column":27},"end":{"line":67,"column":56}},{"start":{"line":67,"column":56},"end":{"line":67,"column":null}}],"line":67},"1":{"loc":{"start":{"line":76,"column":4},"end":{"line":77,"column":null}},"type":"binary-expr","locations":[{"start":{"line":76,"column":4},"end":{"line":76,"column":null}},{"start":{"line":77,"column":4},"end":{"line":77,"column":null}}],"line":76},"2":{"loc":{"start":{"line":82,"column":9},"end":{"line":82,"column":null}},"type":"binary-expr","locations":[{"start":{"line":82,"column":9},"end":{"line":82,"column":29}},{"start":{"line":82,"column":29},"end":{"line":82,"column":49}},{"start":{"line":82,"column":49},"end":{"line":82,"column":null}}],"line":82},"3":{"loc":{"start":{"line":88,"column":2},"end":{"line":90,"column":null}},"type":"if","locations":[{"start":{"line":88,"column":2},"end":{"line":90,"column":null}},{"start":{},"end":{}}],"line":88},"4":{"loc":{"start":{"line":92,"column":2},"end":{"line":94,"column":null}},"type":"if","locations":[{"start":{"line":92,"column":2},"end":{"line":94,"column":null}},{"start":{},"end":{}}],"line":92},"5":{"loc":{"start":{"line":96,"column":2},"end":{"line":98,"column":null}},"type":"if","locations":[{"start":{"line":96,"column":2},"end":{"line":98,"column":null}},{"start":{},"end":{}}],"line":96},"6":{"loc":{"start":{"line":101,"column":4},"end":{"line":103,"column":null}},"type":"if","locations":[{"start":{"line":101,"column":4},"end":{"line":103,"column":null}},{"start":{},"end":{}}],"line":101},"7":{"loc":{"start":{"line":115,"column":4},"end":{"line":125,"column":null}},"type":"if","locations":[{"start":{"line":115,"column":4},"end":{"line":125,"column":null}},{"start":{},"end":{}}],"line":115},"8":{"loc":{"start":{"line":116,"column":6},"end":{"line":122,"column":null}},"type":"binary-expr","locations":[{"start":{"line":116,"column":6},"end":{"line":116,"column":null}},{"start":{"line":117,"column":6},"end":{"line":117,"column":null}},{"start":{"line":118,"column":6},"end":{"line":118,"column":null}},{"start":{"line":119,"column":6},"end":{"line":119,"column":null}},{"start":{"line":120,"column":6},"end":{"line":120,"column":null}},{"start":{"line":121,"column":7},"end":{"line":121,"column":null}},{"start":{"line":122,"column":8},"end":{"line":122,"column":null}}],"line":116},"9":{"loc":{"start":{"line":132,"column":11},"end":{"line":132,"column":null}},"type":"cond-expr","locations":[{"start":{"line":132,"column":43},"end":{"line":132,"column":55}},{"start":{"line":132,"column":55},"end":{"line":132,"column":null}}],"line":132},"10":{"loc":{"start":{"line":140,"column":2},"end":{"line":145,"column":null}},"type":"if","locations":[{"start":{"line":140,"column":2},"end":{"line":145,"column":null}},{"start":{},"end":{}}],"line":140},"11":{"loc":{"start":{"line":149,"column":6},"end":{"line":151,"column":null}},"type":"binary-expr","locations":[{"start":{"line":149,"column":6},"end":{"line":149,"column":null}},{"start":{"line":150,"column":6},"end":{"line":150,"column":null}},{"start":{"line":151,"column":6},"end":{"line":151,"column":null}}],"line":149},"12":{"loc":{"start":{"line":154,"column":2},"end":{"line":159,"column":null}},"type":"if","locations":[{"start":{"line":154,"column":2},"end":{"line":159,"column":null}},{"start":{},"end":{}}],"line":154},"13":{"loc":{"start":{"line":161,"column":2},"end":{"line":167,"column":null}},"type":"if","locations":[{"start":{"line":161,"column":2},"end":{"line":167,"column":null}},{"start":{},"end":{}}],"line":161},"14":{"loc":{"start":{"line":169,"column":2},"end":{"line":175,"column":null}},"type":"if","locations":[{"start":{"line":169,"column":2},"end":{"line":175,"column":null}},{"start":{},"end":{}}],"line":169},"15":{"loc":{"start":{"line":179,"column":2},"end":{"line":185,"column":null}},"type":"if","locations":[{"start":{"line":179,"column":2},"end":{"line":185,"column":null}},{"start":{},"end":{}}],"line":179},"16":{"loc":{"start":{"line":197,"column":2},"end":{"line":205,"column":null}},"type":"if","locations":[{"start":{"line":197,"column":2},"end":{"line":205,"column":null}},{"start":{},"end":{}}],"line":197},"17":{"loc":{"start":{"line":221,"column":2},"end":{"line":229,"column":null}},"type":"if","locations":[{"start":{"line":221,"column":2},"end":{"line":229,"column":null}},{"start":{},"end":{}}],"line":221},"18":{"loc":{"start":{"line":232,"column":22},"end":{"line":234,"column":null}},"type":"cond-expr","locations":[{"start":{"line":233,"column":6},"end":{"line":233,"column":null}},{"start":{"line":234,"column":6},"end":{"line":234,"column":null}}],"line":232},"19":{"loc":{"start":{"line":232,"column":22},"end":{"line":232,"column":null}},"type":"binary-expr","locations":[{"start":{"line":232,"column":22},"end":{"line":232,"column":61}},{"start":{"line":232,"column":61},"end":{"line":232,"column":null}}],"line":232},"20":{"loc":{"start":{"line":235,"column":22},"end":{"line":237,"column":null}},"type":"cond-expr","locations":[{"start":{"line":236,"column":6},"end":{"line":236,"column":null}},{"start":{"line":237,"column":6},"end":{"line":237,"column":null}}],"line":235},"21":{"loc":{"start":{"line":239,"column":2},"end":{"line":247,"column":null}},"type":"if","locations":[{"start":{"line":239,"column":2},"end":{"line":247,"column":null}},{"start":{},"end":{}}],"line":239},"22":{"loc":{"start":{"line":249,"column":22},"end":{"line":249,"column":39}},"type":"binary-expr","locations":[{"start":{"line":249,"column":22},"end":{"line":249,"column":37}},{"start":{"line":249,"column":37},"end":{"line":249,"column":39}}],"line":249},"23":{"loc":{"start":{"line":251,"column":2},"end":{"line":259,"column":null}},"type":"if","locations":[{"start":{"line":251,"column":2},"end":{"line":259,"column":null}},{"start":{},"end":{}}],"line":251},"24":{"loc":{"start":{"line":261,"column":2},"end":{"line":269,"column":null}},"type":"if","locations":[{"start":{"line":261,"column":2},"end":{"line":269,"column":null}},{"start":{},"end":{}}],"line":261}},"s":{"0":2,"1":7,"2":7,"3":14,"4":9,"5":3,"6":3,"7":4,"8":4,"9":0,"10":4,"11":0,"12":4,"13":0,"14":4,"15":7,"16":0,"17":7,"18":7,"19":0,"20":7,"21":4,"22":4,"23":0,"24":4,"25":4,"26":4,"27":1,"28":3,"29":1,"30":2,"31":0,"32":2,"33":2,"34":1,"35":1,"36":3,"37":0,"38":3,"39":3,"40":0,"41":3,"42":0,"43":3,"44":3,"45":3,"46":3,"47":1,"48":2,"49":3,"50":1,"51":1,"52":1,"53":0},"f":{"0":7,"1":14,"2":9,"3":3,"4":3,"5":4,"6":7,"7":4,"8":4,"9":3},"b":{"0":[14,14,14],"1":[3,3],"2":[3,3,3],"3":[0,4],"4":[0,4],"5":[0,4],"6":[0,7],"7":[0,7],"8":[7,7,7,7,7,7,3],"9":[4,0],"10":[0,4],"11":[4,4,3],"12":[1,3],"13":[1,2],"14":[0,2],"15":[1,1],"16":[0,3],"17":[0,3],"18":[1,2],"19":[3,3],"20":[2,1],"21":[1,2],"22":[2,0],"23":[1,2],"24":[1,0]},"meta":{"lastBranch":25,"lastFunction":10,"lastStatement":54,"seen":{"s:1:37:7:Infinity":0,"f:61:9:61:26":0,"s:62:18:62:Infinity":1,"s:63:2:63:Infinity":2,"f:66:9:66:23":1,"s:67:2:67:Infinity":3,"b:67:9:67:27:67:27:67:56:67:56:67:Infinity":0,"f:70:9:70:23":2,"s:71:2:71:Infinity":4,"f:74:9:74:26":3,"s:75:2:77:Infinity":5,"b:76:4:76:Infinity:77:4:77:Infinity":1,"f:81:9:81:24":4,"s:82:2:82:Infinity":6,"b:82:9:82:29:82:29:82:49:82:49:82:Infinity":2,"f:85:16:85:43":5,"s:86:14:86:Infinity":7,"b:88:2:90:Infinity:undefined:undefined:undefined:undefined":3,"s:88:2:90:Infinity":8,"s:89:4:89:Infinity":9,"b:92:2:94:Infinity:undefined:undefined:undefined:undefined":4,"s:92:2:94:Infinity":10,"s:93:4:93:Infinity":11,"b:96:2:98:Infinity:undefined:undefined:undefined:undefined":5,"s:96:2:98:Infinity":12,"s:97:4:97:Infinity":13,"s:100:37:128:Infinity":14,"f:100:49:100:54":6,"b:101:4:103:Infinity:undefined:undefined:undefined:undefined":6,"s:101:4:103:Infinity":15,"s:102:6:102:Infinity":16,"s:105:17:113:Infinity":17,"b:115:4:125:Infinity:undefined:undefined:undefined:undefined":7,"s:115:4:125:Infinity":18,"b:116:6:116:Infinity:117:6:117:Infinity:118:6:118:Infinity:119:6:119:Infinity:120:6:120:Infinity:121:7:121:Infinity:122:8:122:Infinity":8,"s:124:6:124:Infinity":19,"s:127:4:127:Infinity":20,"s:130:2:134:Infinity":21,"b:132:43:132:55:132:55:132:Infinity":9,"f:137:16:137:Infinity":7,"b:140:2:145:Infinity:undefined:undefined:undefined:undefined":10,"s:140:2:145:Infinity":22,"s:141:4:144:Infinity":23,"s:147:15:152:Infinity":24,"f:147:33:147:Infinity":8,"s:149:6:151:Infinity":25,"b:149:6:149:Infinity:150:6:150:Infinity:151:6:151:Infinity":11,"b:154:2:159:Infinity:undefined:undefined:undefined:undefined":12,"s:154:2:159:Infinity":26,"s:155:4:158:Infinity":27,"b:161:2:167:Infinity:undefined:undefined:undefined:undefined":13,"s:161:2:167:Infinity":28,"s:162:4:166:Infinity":29,"b:169:2:175:Infinity:undefined:undefined:undefined:undefined":14,"s:169:2:175:Infinity":30,"s:170:4:174:Infinity":31,"s:177:17:177:Infinity":32,"b:179:2:185:Infinity:undefined:undefined:undefined:undefined":15,"s:179:2:185:Infinity":33,"s:180:4:184:Infinity":34,"s:187:2:191:Infinity":35,"f:194:16:194:Infinity":9,"b:197:2:205:Infinity:undefined:undefined:undefined:undefined":16,"s:197:2:205:Infinity":36,"s:198:4:204:Infinity":37,"s:209:2:219:Infinity":38,"s:210:4:210:Infinity":39,"s:212:4:218:Infinity":40,"b:221:2:229:Infinity:undefined:undefined:undefined:undefined":17,"s:221:2:229:Infinity":41,"s:222:4:228:Infinity":42,"s:231:18:231:Infinity":43,"s:232:22:234:Infinity":44,"b:233:6:233:Infinity:234:6:234:Infinity":18,"b:232:22:232:61:232:61:232:Infinity":19,"s:235:22:237:Infinity":45,"b:236:6:236:Infinity:237:6:237:Infinity":20,"b:239:2:247:Infinity:undefined:undefined:undefined:undefined":21,"s:239:2:247:Infinity":46,"s:240:4:246:Infinity":47,"s:249:8:249:Infinity":48,"b:249:22:249:37:249:37:249:39":22,"b:251:2:259:Infinity:undefined:undefined:undefined:undefined":23,"s:251:2:259:Infinity":49,"s:252:4:258:Infinity":50,"b:261:2:269:Infinity:undefined:undefined:undefined:undefined":24,"s:261:2:269:Infinity":51,"s:262:4:268:Infinity":52,"s:271:2:277:Infinity":53},"fnNames":{}}}
}
