<?xml version="1.0" encoding="UTF-8"?>
<coverage generated="1788327249813" clover="3.2.0">
  <project timestamp="1788327249813" name="All files">
    <metrics statements="1027" coveredstatements="777" conditionals="952" coveredconditionals="675" methods="181" coveredmethods="161" elements="2160" coveredelements="1613" complexity="0" loc="1027" ncloc="1027" packages="9" files="23" classes="23"/>
    <package name="core">
      <metrics statements="99" coveredstatements="92" conditionals="33" coveredconditionals="28" methods="26" coveredmethods="24"/>
      <file name="action-contract.ts" path="/home/ubuntu/proof-gate/src/core/action-contract.ts">
        <metrics statements="26" coveredstatements="24" conditionals="6" coveredconditionals="6" methods="8" coveredmethods="8"/>
        <line num="5" count="22" type="stmt"/>
        <line num="8" count="22" type="stmt"/>
        <line num="10" count="22" type="stmt"/>
        <line num="19" count="22" type="stmt"/>
        <line num="21" count="22" type="stmt"/>
        <line num="29" count="85" type="stmt"/>
        <line num="30" count="85" type="stmt"/>
        <line num="35" count="0" type="stmt"/>
        <line num="46" count="85" type="stmt"/>
        <line num="47" count="85" type="stmt"/>
        <line num="48" count="85" type="stmt"/>
        <line num="50" count="0" type="stmt"/>
        <line num="87" count="10279" type="cond" truecount="2" falsecount="0"/>
        <line num="88" count="846" type="stmt"/>
        <line num="91" count="9433" type="cond" truecount="2" falsecount="0"/>
        <line num="95" count="1503" type="stmt"/>
        <line num="97" count="15918" type="stmt"/>
        <line num="98" count="8437" type="stmt"/>
        <line num="105" count="7930" type="stmt"/>
        <line num="111" count="436" type="stmt"/>
        <line num="117" count="280" type="stmt"/>
        <line num="129" count="85" type="stmt"/>
        <line num="131" count="85" type="stmt"/>
        <line num="152" count="85" type="stmt"/>
        <line num="155" count="85" type="stmt"/>
        <line num="157" count="85" type="stmt"/>
      </file>
      <file name="mandate-contract.ts" path="/home/ubuntu/proof-gate/src/core/mandate-contract.ts">
        <metrics statements="73" coveredstatements="68" conditionals="27" coveredconditionals="22" methods="18" coveredmethods="16"/>
        <line num="12" count="15" type="stmt"/>
        <line num="18" count="15" type="stmt"/>
        <line num="21" count="156" type="stmt"/>
        <line num="22" count="156" type="stmt"/>
        <line num="23" count="156" type="stmt"/>
        <line num="25" count="1" type="stmt"/>
        <line num="29" count="15" type="stmt"/>
        <line num="33" count="15" type="stmt"/>
        <line num="35" count="154" type="stmt"/>
        <line num="37" count="15" type="stmt"/>
        <line num="120" count="296" type="stmt"/>
        <line num="124" count="74" type="stmt"/>
        <line num="128" count="150" type="stmt"/>
        <line num="132" count="150" type="stmt"/>
        <line num="134" count="150" type="cond" truecount="1" falsecount="1"/>
        <line num="135" count="0" type="stmt"/>
        <line num="138" count="150" type="stmt"/>
        <line num="142" count="134" type="stmt"/>
        <line num="143" count="134" type="stmt"/>
        <line num="145" count="0" type="stmt"/>
        <line num="156" count="536" type="cond" truecount="2" falsecount="0"/>
        <line num="173" count="77" type="stmt"/>
        <line num="175" count="77" type="stmt"/>
        <line num="176" count="77" type="stmt"/>
        <line num="178" count="77" type="cond" truecount="2" falsecount="0"/>
        <line num="179" count="1" type="stmt"/>
        <line num="182" count="74" type="stmt"/>
        <line num="188" count="75" type="stmt"/>
        <line num="199" count="75" type="stmt"/>
        <line num="207" count="74" type="stmt"/>
        <line num="208" count="74" type="stmt"/>
        <line num="210" count="74" type="stmt"/>
        <line num="216" count="74" type="stmt"/>
        <line num="217" count="74" type="stmt"/>
        <line num="218" count="74" type="stmt"/>
        <line num="219" count="74" type="stmt"/>
        <line num="220" count="74" type="stmt"/>
        <line num="222" count="74" type="stmt"/>
        <line num="228" count="69" type="stmt"/>
        <line num="245" count="69" type="cond" truecount="2" falsecount="0"/>
        <line num="246" count="2" type="stmt"/>
        <line num="249" count="67" type="stmt"/>
        <line num="258" count="69" type="stmt"/>
        <line num="260" count="69" type="cond" truecount="2" falsecount="0"/>
        <line num="261" count="2" type="stmt"/>
        <line num="274" count="67" type="stmt"/>
        <line num="275" count="67" type="stmt"/>
        <line num="276" count="67" type="stmt"/>
        <line num="278" count="67" type="cond" truecount="1" falsecount="1"/>
        <line num="284" count="0" type="stmt"/>
        <line num="290" count="67" type="cond" truecount="1" falsecount="1"/>
        <line num="291" count="0" type="stmt"/>
        <line num="297" count="67" type="cond" truecount="2" falsecount="0"/>
        <line num="298" count="1" type="stmt"/>
        <line num="305" count="66" type="stmt"/>
        <line num="313" count="67" type="cond" truecount="1" falsecount="1"/>
        <line num="315" count="69" type="cond" truecount="1" falsecount="1"/>
        <line num="316" count="69" type="stmt"/>
        <line num="318" count="69" type="stmt"/>
        <line num="319" count="69" type="stmt"/>
        <line num="321" count="0" type="stmt"/>
        <line num="324" count="67" type="stmt"/>
        <line num="334" count="67" type="stmt"/>
        <line num="344" count="67" type="stmt"/>
        <line num="354" count="67" type="stmt"/>
        <line num="357" count="67" type="stmt"/>
        <line num="364" count="67" type="stmt"/>
        <line num="368" count="67" type="stmt"/>
        <line num="376" count="67" type="stmt"/>
        <line num="386" count="69" type="stmt"/>
        <line num="396" count="69" type="stmt"/>
        <line num="406" count="69" type="stmt"/>
        <line num="407" count="565" type="stmt"/>
      </file>
    </package>
    <package name="evidence">
      <metrics statements="118" coveredstatements="65" conditionals="100" coveredconditionals="61" methods="19" coveredmethods="14"/>
      <file name="evidence-store.ts" path="/home/ubuntu/proof-gate/src/evidence/evidence-store.ts">
        <metrics statements="22" coveredstatements="15" conditionals="16" coveredconditionals="12" methods="3" coveredmethods="2"/>
        <line num="15" count="5" type="cond" truecount="1" falsecount="1"/>
        <line num="16" count="0" type="stmt"/>
        <line num="19" count="5" type="stmt"/>
        <line num="28" count="2" type="stmt"/>
        <line num="30" count="2" type="cond" truecount="1" falsecount="1"/>
        <line num="31" count="0" type="stmt"/>
        <line num="34" count="2" type="cond" truecount="1" falsecount="1"/>
        <line num="35" count="0" type="stmt"/>
        <line num="38" count="2" type="stmt"/>
        <line num="40" count="2" type="stmt"/>
        <line num="41" count="3" type="cond" truecount="1" falsecount="1"/>
        <line num="42" count="0" type="stmt"/>
        <line num="45" count="3" type="stmt"/>
        <line num="46" count="3" type="stmt"/>
        <line num="47" count="3" type="stmt"/>
        <line num="49" count="3" type="cond" truecount="2" falsecount="0"/>
        <line num="54" count="1" type="stmt"/>
        <line num="58" count="2" type="stmt"/>
        <line num="59" count="0" type="stmt"/>
        <line num="60" count="0" type="stmt"/>
        <line num="61" count="0" type="stmt"/>
        <line num="64" count="2" type="cond" truecount="2" falsecount="0"/>
      </file>
      <file name="telegraph.ts" path="/home/ubuntu/proof-gate/src/evidence/telegraph.ts">
        <metrics statements="21" coveredstatements="19" conditionals="24" coveredconditionals="17" methods="6" coveredmethods="6"/>
        <line num="9" count="12" type="stmt"/>
        <line num="132" count="36" type="stmt"/>
        <line num="137" count="36" type="stmt"/>
        <line num="139" count="36" type="cond" truecount="1" falsecount="1"/>
        <line num="142" count="0" type="stmt"/>
        <line num="147" count="36" type="stmt"/>
        <line num="153" count="36" type="stmt"/>
        <line num="175" count="36" type="cond" truecount="2" falsecount="0"/>
        <line num="176" count="1" type="stmt"/>
        <line num="179" count="35" type="cond" truecount="2" falsecount="0"/>
        <line num="180" count="4" type="stmt"/>
        <line num="184" count="31" type="stmt"/>
        <line num="186" count="31" type="stmt"/>
        <line num="189" count="31" type="cond" truecount="1" falsecount="1"/>
        <line num="190" count="0" type="stmt"/>
        <line num="193" count="31" type="cond" truecount="2" falsecount="0"/>
        <line num="202" count="37" type="stmt"/>
        <line num="207" count="37" type="cond" truecount="1" falsecount="1"/>
        <line num="210" count="37" type="stmt"/>
        <line num="269" count="26" type="stmt"/>
        <line num="276" count="26" type="stmt"/>
      </file>
      <file name="vendor-runtime.ts" path="/home/ubuntu/proof-gate/src/evidence/vendor-runtime.ts">
        <metrics statements="75" coveredstatements="31" conditionals="60" coveredconditionals="32" methods="10" coveredmethods="6"/>
        <line num="18" count="3" type="stmt"/>
        <line num="117" count="3" type="stmt"/>
        <line num="126" count="12" type="stmt"/>
        <line num="138" count="6" type="stmt"/>
        <line num="150" count="6" type="stmt"/>
        <line num="161" count="6" type="cond" truecount="1" falsecount="1"/>
        <line num="175" count="0" type="stmt"/>
        <line num="180" count="6" type="stmt"/>
        <line num="190" count="13" type="cond" truecount="1" falsecount="1"/>
        <line num="195" count="0" type="stmt"/>
        <line num="200" count="13" type="cond" truecount="1" falsecount="1"/>
        <line num="205" count="0" type="stmt"/>
        <line num="211" count="13" type="stmt"/>
        <line num="216" count="13" type="stmt"/>
        <line num="221" count="13" type="stmt"/>
        <line num="223" count="13" type="stmt"/>
        <line num="225" count="13" type="stmt"/>
        <line num="227" count="13" type="stmt"/>
        <line num="235" count="13" type="cond" truecount="1" falsecount="1"/>
        <line num="236" count="0" type="stmt"/>
        <line num="239" count="13" type="stmt"/>
        <line num="253" count="13" type="stmt"/>
        <line num="255" count="13" type="stmt"/>
        <line num="262" count="13" type="cond" truecount="1" falsecount="1"/>
        <line num="265" count="0" type="stmt"/>
        <line num="270" count="13" type="stmt"/>
        <line num="279" count="0" type="stmt"/>
        <line num="299" count="0" type="cond" truecount="0" falsecount="2"/>
        <line num="300" count="0" type="stmt"/>
        <line num="306" count="0" type="stmt"/>
        <line num="311" count="0" type="cond" truecount="0" falsecount="2"/>
        <line num="312" count="0" type="stmt"/>
        <line num="317" count="0" type="stmt"/>
        <line num="324" count="0" type="cond" truecount="0" falsecount="2"/>
        <line num="328" count="0" type="stmt"/>
        <line num="333" count="0" type="stmt"/>
        <line num="347" count="0" type="stmt"/>
        <line num="350" count="0" type="stmt"/>
        <line num="359" count="0" type="stmt"/>
        <line num="363" count="0" type="cond" truecount="0" falsecount="2"/>
        <line num="367" count="0" type="stmt"/>
        <line num="373" count="0" type="stmt"/>
        <line num="382" count="0" type="stmt"/>
        <line num="389" count="0" type="stmt"/>
        <line num="400" count="0" type="cond" truecount="0" falsecount="2"/>
        <line num="407" count="0" type="stmt"/>
        <line num="413" count="0" type="stmt"/>
        <line num="425" count="0" type="cond" truecount="0" falsecount="2"/>
        <line num="428" count="0" type="stmt"/>
        <line num="434" count="0" type="stmt"/>
        <line num="456" count="0" type="stmt"/>
        <line num="478" count="0" type="stmt"/>
        <line num="487" count="0" type="stmt"/>
        <line num="496" count="0" type="stmt"/>
        <line num="502" count="0" type="stmt"/>
        <line num="508" count="0" type="stmt"/>
        <line num="550" count="0" type="stmt"/>
        <line num="565" count="9" type="stmt"/>
        <line num="570" count="9" type="stmt"/>
        <line num="572" count="9" type="cond" truecount="2" falsecount="0"/>
        <line num="580" count="3" type="stmt"/>
        <line num="587" count="6" type="stmt"/>
        <line num="589" count="6" type="cond" truecount="1" falsecount="1"/>
        <line num="631" count="0" type="stmt"/>
        <line num="634" count="6" type="cond" truecount="1" falsecount="1"/>
        <line num="642" count="0" type="stmt"/>
        <line num="646" count="6" type="stmt"/>
        <line num="651" count="6" type="stmt"/>
        <line num="658" count="0" type="stmt"/>
        <line num="666" count="1" type="stmt"/>
        <line num="695" count="0" type="stmt"/>
        <line num="701" count="0" type="stmt"/>
        <line num="710" count="0" type="stmt"/>
        <line num="715" count="0" type="stmt"/>
        <line num="728" count="0" type="stmt"/>
      </file>
    </package>
    <package name="executor">
      <metrics statements="158" coveredstatements="71" conditionals="103" coveredconditionals="43" methods="26" coveredmethods="17"/>
      <file name="base-sepolia-usdc.ts" path="/home/ubuntu/proof-gate/src/executor/base-sepolia-usdc.ts">
        <metrics statements="95" coveredstatements="14" conditionals="59" coveredconditionals="10" methods="12" coveredmethods="3"/>
        <line num="18" count="1" type="stmt"/>
        <line num="23" count="1" type="stmt"/>
        <line num="27" count="1" type="stmt"/>
        <line num="52" count="2" type="stmt"/>
        <line num="60" count="0" type="stmt"/>
        <line num="61" count="0" type="stmt"/>
        <line num="62" count="0" type="stmt"/>
        <line num="66" count="0" type="stmt"/>
        <line num="67" count="0" type="stmt"/>
        <line num="69" count="0" type="stmt"/>
        <line num="81" count="0" type="stmt"/>
        <line num="83" count="0" type="cond" truecount="0" falsecount="2"/>
        <line num="84" count="0" type="stmt"/>
        <line num="87" count="0" type="stmt"/>
        <line num="96" count="0" type="stmt"/>
        <line num="97" count="0" type="stmt"/>
        <line num="98" count="0" type="stmt"/>
        <line num="99" count="0" type="stmt"/>
        <line num="101" count="0" type="cond" truecount="0" falsecount="2"/>
        <line num="102" count="0" type="stmt"/>
        <line num="105" count="0" type="stmt"/>
        <line num="107" count="0" type="stmt"/>
        <line num="116" count="0" type="stmt"/>
        <line num="142" count="0" type="stmt"/>
        <line num="143" count="0" type="stmt"/>
        <line num="144" count="0" type="stmt"/>
        <line num="145" count="0" type="stmt"/>
        <line num="147" count="0" type="cond" truecount="0" falsecount="2"/>
        <line num="148" count="0" type="stmt"/>
        <line num="152" count="0" type="stmt"/>
        <line num="154" count="0" type="cond" truecount="0" falsecount="2"/>
        <line num="155" count="0" type="stmt"/>
        <line num="162" count="0" type="cond" truecount="0" falsecount="2"/>
        <line num="163" count="0" type="stmt"/>
        <line num="174" count="0" type="cond" truecount="0" falsecount="2"/>
        <line num="175" count="0" type="stmt"/>
        <line num="176" count="0" type="stmt"/>
        <line num="181" count="0" type="stmt"/>
        <line num="191" count="3" type="cond" truecount="1" falsecount="1"/>
        <line num="192" count="0" type="stmt"/>
        <line num="195" count="3" type="cond" truecount="2" falsecount="0"/>
        <line num="196" count="1" type="stmt"/>
        <line num="199" count="2" type="cond" truecount="2" falsecount="0"/>
        <line num="200" count="1" type="stmt"/>
        <line num="203" count="1" type="cond" truecount="1" falsecount="1"/>
        <line num="204" count="0" type="stmt"/>
        <line num="207" count="1" type="cond" truecount="1" falsecount="1"/>
        <line num="208" count="0" type="stmt"/>
        <line num="211" count="1" type="stmt"/>
        <line num="231" count="0" type="cond" truecount="0" falsecount="2"/>
        <line num="232" count="0" type="stmt"/>
        <line num="236" count="0" type="stmt"/>
        <line num="238" count="0" type="stmt"/>
        <line num="244" count="0" type="cond" truecount="0" falsecount="2"/>
        <line num="245" count="0" type="stmt"/>
        <line num="249" count="0" type="cond" truecount="0" falsecount="2"/>
        <line num="255" count="0" type="stmt"/>
        <line num="258" count="0" type="stmt"/>
        <line num="263" count="0" type="stmt"/>
        <line num="278" count="0" type="stmt"/>
        <line num="279" count="0" type="stmt"/>
        <line num="281" count="0" type="stmt"/>
        <line num="282" count="0" type="stmt"/>
        <line num="288" count="0" type="stmt"/>
        <line num="296" count="0" type="stmt"/>
        <line num="298" count="0" type="stmt"/>
        <line num="307" count="0" type="cond" truecount="0" falsecount="2"/>
        <line num="311" count="0" type="stmt"/>
        <line num="312" count="0" type="stmt"/>
        <line num="314" count="0" type="stmt"/>
        <line num="316" count="0" type="cond" truecount="0" falsecount="2"/>
        <line num="317" count="0" type="stmt"/>
        <line num="322" count="0" type="stmt"/>
        <line num="324" count="0" type="stmt"/>
        <line num="327" count="0" type="stmt"/>
        <line num="343" count="0" type="stmt"/>
        <line num="345" count="0" type="stmt"/>
        <line num="349" count="0" type="stmt"/>
        <line num="368" count="0" type="stmt"/>
        <line num="370" count="0" type="cond" truecount="0" falsecount="2"/>
        <line num="374" count="0" type="stmt"/>
        <line num="390" count="0" type="stmt"/>
        <line num="393" count="0" type="cond" truecount="0" falsecount="4"/>
        <line num="394" count="0" type="stmt"/>
        <line num="400" count="0" type="stmt"/>
        <line num="407" count="0" type="cond" truecount="0" falsecount="2"/>
        <line num="408" count="0" type="stmt"/>
        <line num="424" count="0" type="stmt"/>
        <line num="429" count="0" type="cond" truecount="0" falsecount="2"/>
        <line num="430" count="0" type="stmt"/>
        <line num="443" count="0" type="stmt"/>
        <line num="449" count="0" type="stmt"/>
        <line num="465" count="0" type="stmt"/>
        <line num="488" count="1" type="stmt"/>
        <line num="493" count="1" type="stmt"/>
      </file>
      <file name="controlled-executor.ts" path="/home/ubuntu/proof-gate/src/executor/controlled-executor.ts">
        <metrics statements="18" coveredstatements="17" conditionals="12" coveredconditionals="7" methods="2" coveredmethods="2"/>
        <line num="31" count="1" type="stmt"/>
        <line num="33" count="1" type="stmt"/>
        <line num="34" count="1" type="stmt"/>
        <line num="53" count="19" type="cond" truecount="1" falsecount="1"/>
        <line num="55" count="19" type="stmt"/>
        <line num="65" count="19" type="cond" truecount="2" falsecount="0"/>
        <line num="66" count="3" type="stmt"/>
        <line num="73" count="16" type="stmt"/>
        <line num="74" count="16" type="stmt"/>
        <line num="80" count="5" type="stmt"/>
        <line num="87" count="11" type="cond" truecount="2" falsecount="0"/>
        <line num="88" count="5" type="stmt"/>
        <line num="94" count="6" type="stmt"/>
        <line num="95" count="6" type="stmt"/>
        <line num="97" count="5" type="stmt"/>
        <line num="104" count="1" type="cond" truecount="1" falsecount="1"/>
        <line num="105" count="1" type="stmt"/>
        <line num="116" count="0" type="stmt"/>
      </file>
      <file name="operation-journal.ts" path="/home/ubuntu/proof-gate/src/executor/operation-journal.ts">
        <metrics statements="31" coveredstatements="27" conditionals="29" coveredconditionals="24" methods="7" coveredmethods="7"/>
        <line num="49" count="2" type="stmt"/>
        <line num="84" count="17" type="cond" truecount="1" falsecount="1"/>
        <line num="89" count="0" type="stmt"/>
        <line num="94" count="7" type="cond" truecount="1" falsecount="1"/>
        <line num="95" count="0" type="stmt"/>
        <line num="98" count="7" type="cond" truecount="2" falsecount="0"/>
        <line num="99" count="2" type="stmt"/>
        <line num="105" count="4" type="cond" truecount="1" falsecount="0"/>
        <line num="107" count="4" type="stmt"/>
        <line num="111" count="17" type="stmt"/>
        <line num="112" count="17" type="stmt"/>
        <line num="116" count="4" type="cond" truecount="2" falsecount="0"/>
        <line num="117" count="4" type="stmt"/>
        <line num="119" count="4" type="stmt"/>
        <line num="131" count="4" type="stmt"/>
        <line num="137" count="4" type="stmt"/>
        <line num="141" count="8" type="stmt"/>
        <line num="143" count="8" type="cond" truecount="1" falsecount="1"/>
        <line num="144" count="0" type="stmt"/>
        <line num="147" count="8" type="stmt"/>
        <line num="154" count="7" type="stmt"/>
        <line num="156" count="7" type="cond" truecount="1" falsecount="1"/>
        <line num="157" count="0" type="stmt"/>
        <line num="160" count="7" type="stmt"/>
        <line num="162" count="7" type="cond" truecount="2" falsecount="0"/>
        <line num="164" count="7" type="stmt"/>
        <line num="177" count="7" type="stmt"/>
        <line num="178" count="7" type="stmt"/>
        <line num="180" count="7" type="stmt"/>
        <line num="185" count="7" type="stmt"/>
        <line num="187" count="7" type="stmt"/>
      </file>
      <file name="permit-store.ts" path="/home/ubuntu/proof-gate/src/executor/permit-store.ts">
        <metrics statements="14" coveredstatements="13" conditionals="3" coveredconditionals="2" methods="5" coveredmethods="5"/>
        <line num="35" count="12" type="stmt"/>
        <line num="43" count="11" type="cond" truecount="1" falsecount="0"/>
        <line num="46" count="11" type="stmt"/>
        <line num="56" count="12" type="stmt"/>
        <line num="71" count="11" type="stmt"/>
        <line num="77" count="11" type="stmt"/>
        <line num="83" count="11" type="stmt"/>
        <line num="84" count="11" type="stmt"/>
        <line num="97" count="11" type="stmt"/>
        <line num="106" count="5" type="stmt"/>
        <line num="109" count="5" type="cond" truecount="1" falsecount="1"/>
        <line num="110" count="5" type="stmt"/>
        <line num="117" count="0" type="stmt"/>
        <line num="125" count="1" type="stmt"/>
      </file>
    </package>
    <package name="gateway">
      <metrics statements="66" coveredstatements="48" conditionals="97" coveredconditionals="70" methods="8" coveredmethods="7"/>
      <file name="live-evidence-guard.ts" path="/home/ubuntu/proof-gate/src/gateway/live-evidence-guard.ts">
        <metrics statements="46" coveredstatements="31" conditionals="59" coveredconditionals="45" methods="5" coveredmethods="4"/>
        <line num="44" count="23" type="cond" truecount="3" falsecount="0"/>
        <line num="48" count="8" type="stmt"/>
        <line num="59" count="5" type="stmt"/>
        <line num="71" count="7" type="cond" truecount="1" falsecount="1"/>
        <line num="72" count="0" type="stmt"/>
        <line num="78" count="7" type="cond" truecount="1" falsecount="1"/>
        <line num="79" count="0" type="stmt"/>
        <line num="85" count="7" type="cond" truecount="1" falsecount="1"/>
        <line num="86" count="0" type="stmt"/>
        <line num="92" count="7" type="stmt"/>
        <line num="94" count="7" type="cond" truecount="1" falsecount="1"/>
        <line num="95" count="0" type="stmt"/>
        <line num="101" count="7" type="cond" truecount="2" falsecount="0"/>
        <line num="105" count="1" type="stmt"/>
        <line num="111" count="6" type="cond" truecount="2" falsecount="0"/>
        <line num="112" count="2" type="stmt"/>
        <line num="114" count="2" type="cond" truecount="2" falsecount="0"/>
        <line num="122" count="1" type="stmt"/>
        <line num="129" count="5" type="cond" truecount="2" falsecount="0"/>
        <line num="130" count="1" type="stmt"/>
        <line num="136" count="4" type="cond" truecount="1" falsecount="1"/>
        <line num="137" count="0" type="stmt"/>
        <line num="143" count="4" type="cond" truecount="1" falsecount="1"/>
        <line num="144" count="0" type="stmt"/>
        <line num="150" count="4" type="cond" truecount="1" falsecount="1"/>
        <line num="154" count="0" type="stmt"/>
        <line num="160" count="4" type="stmt"/>
        <line num="162" count="4" type="cond" truecount="1" falsecount="1"/>
        <line num="163" count="0" type="stmt"/>
        <line num="169" count="4" type="cond" truecount="1" falsecount="1"/>
        <line num="170" count="0" type="stmt"/>
        <line num="176" count="4" type="cond" truecount="1" falsecount="1"/>
        <line num="177" count="0" type="stmt"/>
        <line num="183" count="4" type="cond" truecount="1" falsecount="1"/>
        <line num="187" count="0" type="stmt"/>
        <line num="193" count="4" type="cond" truecount="2" falsecount="0"/>
        <line num="194" count="1" type="stmt"/>
        <line num="200" count="3" type="stmt"/>
        <line num="202" count="3" type="cond" truecount="2" falsecount="0"/>
        <line num="207" count="1" type="stmt"/>
        <line num="213" count="2" type="cond" truecount="1" falsecount="1"/>
        <line num="217" count="0" type="stmt"/>
        <line num="223" count="2" type="stmt"/>
        <line num="234" count="0" type="stmt"/>
        <line num="236" count="0" type="cond" truecount="0" falsecount="2"/>
        <line num="237" count="0" type="stmt"/>
      </file>
      <file name="payment-gateway.ts" path="/home/ubuntu/proof-gate/src/gateway/payment-gateway.ts">
        <metrics statements="20" coveredstatements="17" conditionals="38" coveredconditionals="25" methods="3" coveredmethods="3"/>
        <line num="72" count="1" type="stmt"/>
        <line num="74" count="1" type="cond" truecount="3" falsecount="1"/>
        <line num="84" count="1" type="stmt"/>
        <line num="86" count="1" type="cond" truecount="3" falsecount="1"/>
        <line num="87" count="0" type="stmt"/>
        <line num="90" count="1" type="stmt"/>
        <line num="109" count="3" type="cond" truecount="1" falsecount="1"/>
        <line num="112" count="3" type="cond" truecount="2" falsecount="0"/>
        <line num="115" count="3" type="stmt"/>
        <line num="125" count="3" type="cond" truecount="2" falsecount="0"/>
        <line num="126" count="2" type="stmt"/>
        <line num="144" count="2" type="cond" truecount="1" falsecount="1"/>
        <line num="145" count="0" type="stmt"/>
        <line num="148" count="2" type="stmt"/>
        <line num="156" count="1" type="stmt"/>
        <line num="168" count="3" type="stmt"/>
        <line num="180" count="1" type="stmt"/>
        <line num="198" count="3" type="cond" truecount="1" falsecount="1"/>
        <line num="199" count="0" type="stmt"/>
        <line num="202" count="1" type="stmt"/>
      </file>
    </package>
    <package name="permit">
      <metrics statements="103" coveredstatements="86" conditionals="113" coveredconditionals="92" methods="16" coveredmethods="16"/>
      <file name="decision-hash.ts" path="/home/ubuntu/proof-gate/src/permit/decision-hash.ts">
        <metrics statements="2" coveredstatements="2" conditionals="2" coveredconditionals="2" methods="1" coveredmethods="1"/>
        <line num="17" count="40" type="stmt"/>
        <line num="59" count="40" type="stmt"/>
      </file>
      <file name="local-secret.ts" path="/home/ubuntu/proof-gate/src/permit/local-secret.ts">
        <metrics statements="18" coveredstatements="14" conditionals="14" coveredconditionals="7" methods="2" coveredmethods="2"/>
        <line num="6" count="2" type="stmt"/>
        <line num="8" count="2" type="cond" truecount="1" falsecount="1"/>
        <line num="9" count="0" type="stmt"/>
        <line num="12" count="2" type="stmt"/>
        <line num="20" count="3" type="cond" truecount="1" falsecount="1"/>
        <line num="24" count="3" type="cond" truecount="2" falsecount="0"/>
        <line num="25" count="1" type="stmt"/>
        <line num="29" count="2" type="cond" truecount="1" falsecount="1"/>
        <line num="32" count="3" type="cond" truecount="2" falsecount="0"/>
        <line num="33" count="1" type="stmt"/>
        <line num="36" count="1" type="stmt"/>
        <line num="41" count="1" type="stmt"/>
        <line num="43" count="1" type="stmt"/>
        <line num="44" count="1" type="stmt"/>
        <line num="49" count="0" type="cond" truecount="0" falsecount="2"/>
        <line num="50" count="0" type="stmt"/>
        <line num="53" count="0" type="stmt"/>
        <line num="56" count="1" type="stmt"/>
      </file>
      <file name="permit.ts" path="/home/ubuntu/proof-gate/src/permit/permit.ts">
        <metrics statements="83" coveredstatements="70" conditionals="97" coveredconditionals="83" methods="13" coveredmethods="13"/>
        <line num="59" count="110" type="cond" truecount="3" falsecount="1"/>
        <line num="60" count="0" type="stmt"/>
        <line num="65" count="53" type="stmt"/>
        <line num="67" count="53" type="stmt"/>
        <line num="76" count="32" type="stmt"/>
        <line num="77" count="32" type="cond" truecount="1" falsecount="1"/>
        <line num="81" count="0" type="stmt"/>
        <line num="84" count="32" type="stmt"/>
        <line num="85" count="32" type="stmt"/>
        <line num="87" count="32" type="cond" truecount="2" falsecount="0"/>
        <line num="89" count="0" type="stmt"/>
        <line num="97" count="51" type="stmt"/>
        <line num="108" count="92" type="stmt"/>
        <line num="122" count="40" type="stmt"/>
        <line num="129" count="236" type="stmt"/>
        <line num="137" count="28" type="stmt"/>
        <line num="138" count="28" type="stmt"/>
        <line num="140" count="28" type="cond" truecount="1" falsecount="1"/>
        <line num="145" count="0" type="stmt"/>
        <line num="148" count="28" type="cond" truecount="2" falsecount="0"/>
        <line num="149" count="1" type="stmt"/>
        <line num="152" count="27" type="cond" truecount="2" falsecount="0"/>
        <line num="153" count="3" type="stmt"/>
        <line num="156" count="24" type="stmt"/>
        <line num="165" count="41" type="stmt"/>
        <line num="166" count="361" type="stmt"/>
        <line num="168" count="41" type="cond" truecount="2" falsecount="0"/>
        <line num="182" count="25" type="stmt"/>
        <line num="184" count="25" type="cond" truecount="2" falsecount="0"/>
        <line num="185" count="1" type="stmt"/>
        <line num="188" count="24" type="cond" truecount="2" falsecount="0"/>
        <line num="189" count="1" type="stmt"/>
        <line num="192" count="23" type="cond" truecount="1" falsecount="1"/>
        <line num="196" count="0" type="stmt"/>
        <line num="199" count="23" type="cond" truecount="2" falsecount="0"/>
        <line num="200" count="1" type="stmt"/>
        <line num="203" count="22" type="cond" truecount="1" falsecount="1"/>
        <line num="204" count="0" type="stmt"/>
        <line num="207" count="22" type="cond" truecount="2" falsecount="0"/>
        <line num="209" count="87" type="stmt"/>
        <line num="211" count="1" type="stmt"/>
        <line num="214" count="21" type="cond" truecount="1" falsecount="1"/>
        <line num="215" count="25" type="cond" truecount="2" falsecount="0"/>
        <line num="217" count="25" type="cond" truecount="1" falsecount="1"/>
        <line num="222" count="0" type="stmt"/>
        <line num="225" count="21" type="stmt"/>
        <line num="232" count="21" type="cond" truecount="1" falsecount="1"/>
        <line num="233" count="0" type="stmt"/>
        <line num="236" count="21" type="cond" truecount="1" falsecount="1"/>
        <line num="237" count="0" type="stmt"/>
        <line num="240" count="21" type="stmt"/>
        <line num="247" count="21" type="stmt"/>
        <line num="258" count="21" type="stmt"/>
        <line num="275" count="32" type="stmt"/>
        <line num="277" count="32" type="stmt"/>
        <line num="279" count="32" type="cond" truecount="2" falsecount="0"/>
        <line num="280" count="1" type="stmt"/>
        <line num="286" count="31" type="cond" truecount="2" falsecount="0"/>
        <line num="290" count="2" type="stmt"/>
        <line num="296" count="29" type="cond" truecount="1" falsecount="1"/>
        <line num="297" count="0" type="stmt"/>
        <line num="303" count="29" type="cond" truecount="1" falsecount="1"/>
        <line num="309" count="0" type="stmt"/>
        <line num="315" count="29" type="cond" truecount="2" falsecount="0"/>
        <line num="316" count="1" type="stmt"/>
        <line num="322" count="28" type="cond" truecount="1" falsecount="1"/>
        <line num="323" count="32" type="stmt"/>
        <line num="325" count="32" type="cond" truecount="2" falsecount="0"/>
        <line num="326" count="4" type="stmt"/>
        <line num="336" count="24" type="stmt"/>
        <line num="339" count="24" type="cond" truecount="2" falsecount="0"/>
        <line num="343" count="4" type="stmt"/>
        <line num="349" count="20" type="cond" truecount="1" falsecount="1"/>
        <line num="350" count="0" type="stmt"/>
        <line num="356" count="20" type="stmt"/>
        <line num="363" count="20" type="cond" truecount="2" falsecount="0"/>
        <line num="364" count="1" type="stmt"/>
        <line num="370" count="19" type="cond" truecount="1" falsecount="1"/>
        <line num="371" count="0" type="stmt"/>
        <line num="377" count="19" type="stmt"/>
        <line num="384" count="19" type="cond" truecount="2" falsecount="0"/>
        <line num="385" count="2" type="stmt"/>
        <line num="391" count="17" type="stmt"/>
      </file>
    </package>
    <package name="policy">
      <metrics statements="120" coveredstatements="106" conditionals="143" coveredconditionals="102" methods="16" coveredmethods="16"/>
      <file name="payments-attested-vendor-v1.ts" path="/home/ubuntu/proof-gate/src/policy/payments-attested-vendor-v1.ts">
        <metrics statements="47" coveredstatements="44" conditionals="89" coveredconditionals="60" methods="8" coveredmethods="8"/>
        <line num="30" count="2" type="stmt"/>
        <line num="66" count="175" type="stmt"/>
        <line num="82" count="42" type="stmt"/>
        <line num="83" count="42" type="stmt"/>
        <line num="88" count="0" type="stmt"/>
        <line num="98" count="24" type="stmt"/>
        <line num="103" count="24" type="stmt"/>
        <line num="106" count="24" type="stmt"/>
        <line num="128" count="7" type="stmt"/>
        <line num="131" count="7" type="cond" truecount="1" falsecount="1"/>
        <line num="135" count="7" type="stmt"/>
        <line num="142" count="7" type="stmt"/>
        <line num="145" count="63" type="stmt"/>
        <line num="154" count="7" type="stmt"/>
        <line num="170" count="7" type="stmt"/>
        <line num="190" count="7" type="stmt"/>
        <line num="211" count="7" type="stmt"/>
        <line num="215" count="7" type="stmt"/>
        <line num="231" count="7" type="cond" truecount="1" falsecount="1"/>
        <line num="232" count="0" type="stmt"/>
        <line num="240" count="7" type="stmt"/>
        <line num="248" count="7" type="stmt"/>
        <line num="264" count="7" type="stmt"/>
        <line num="280" count="7" type="stmt"/>
        <line num="298" count="7" type="stmt"/>
        <line num="312" count="7" type="stmt"/>
        <line num="326" count="7" type="stmt"/>
        <line num="347" count="7" type="stmt"/>
        <line num="351" count="7" type="stmt"/>
        <line num="359" count="7" type="stmt"/>
        <line num="371" count="7" type="stmt"/>
        <line num="394" count="7" type="cond" truecount="1" falsecount="1"/>
        <line num="395" count="0" type="stmt"/>
        <line num="404" count="7" type="stmt"/>
        <line num="408" count="7" type="stmt"/>
        <line num="420" count="7" type="stmt"/>
        <line num="445" count="7" type="stmt"/>
        <line num="476" count="7" type="stmt"/>
        <line num="510" count="7" type="stmt"/>
        <line num="512" count="165" type="stmt"/>
        <line num="516" count="7" type="cond" truecount="2" falsecount="0"/>
        <line num="517" count="4" type="stmt"/>
        <line num="528" count="3" type="stmt"/>
        <line num="530" count="70" type="stmt"/>
        <line num="534" count="3" type="cond" truecount="2" falsecount="0"/>
        <line num="535" count="1" type="stmt"/>
        <line num="545" count="2" type="stmt"/>
      </file>
      <file name="payments-strict-v1.ts" path="/home/ubuntu/proof-gate/src/policy/payments-strict-v1.ts">
        <metrics statements="73" coveredstatements="62" conditionals="54" coveredconditionals="42" methods="8" coveredmethods="8"/>
        <line num="53" count="8" type="stmt"/>
        <line num="71" count="236" type="stmt"/>
        <line num="80" count="22" type="stmt"/>
        <line num="81" count="22" type="stmt"/>
        <line num="83" count="0" type="stmt"/>
        <line num="88" count="17" type="cond" truecount="1" falsecount="1"/>
        <line num="89" count="0" type="stmt"/>
        <line num="92" count="17" type="stmt"/>
        <line num="93" count="17" type="stmt"/>
        <line num="95" count="17" type="cond" truecount="2" falsecount="0"/>
        <line num="100" count="2" type="stmt"/>
        <line num="103" count="15" type="cond" truecount="1" falsecount="1"/>
        <line num="104" count="0" type="stmt"/>
        <line num="107" count="15" type="cond" truecount="2" falsecount="0"/>
        <line num="108" count="13" type="stmt"/>
        <line num="111" count="2" type="stmt"/>
        <line num="113" count="2" type="cond" truecount="2" falsecount="0"/>
        <line num="117" count="1" type="stmt"/>
        <line num="122" count="1" type="stmt"/>
        <line num="131" count="12" type="stmt"/>
        <line num="132" count="12" type="cond" truecount="1" falsecount="1"/>
        <line num="134" count="12" type="stmt"/>
        <line num="141" count="12" type="stmt"/>
        <line num="143" count="108" type="stmt"/>
        <line num="147" count="12" type="cond" truecount="1" falsecount="1"/>
        <line num="148" count="12" type="stmt"/>
        <line num="150" count="0" type="stmt"/>
        <line num="155" count="12" type="cond" truecount="1" falsecount="1"/>
        <line num="156" count="12" type="stmt"/>
        <line num="160" count="0" type="stmt"/>
        <line num="165" count="12" type="stmt"/>
        <line num="167" count="12" type="cond" truecount="1" falsecount="1"/>
        <line num="168" count="12" type="stmt"/>
        <line num="176" count="0" type="stmt"/>
        <line num="185" count="12" type="cond" truecount="2" falsecount="0"/>
        <line num="186" count="2" type="stmt"/>
        <line num="194" count="2" type="stmt"/>
        <line num="197" count="10" type="stmt"/>
        <line num="201" count="10" type="cond" truecount="1" falsecount="1"/>
        <line num="202" count="10" type="stmt"/>
        <line num="210" count="0" type="stmt"/>
        <line num="219" count="10" type="cond" truecount="1" falsecount="1"/>
        <line num="220" count="10" type="stmt"/>
        <line num="228" count="0" type="stmt"/>
        <line num="237" count="10" type="cond" truecount="1" falsecount="1"/>
        <line num="238" count="10" type="stmt"/>
        <line num="246" count="0" type="stmt"/>
        <line num="255" count="10" type="cond" truecount="2" falsecount="0"/>
        <line num="256" count="6" type="stmt"/>
        <line num="264" count="4" type="stmt"/>
        <line num="273" count="10" type="cond" truecount="2" falsecount="0"/>
        <line num="277" count="4" type="stmt"/>
        <line num="285" count="6" type="stmt"/>
        <line num="294" count="10" type="stmt"/>
        <line num="295" count="10" type="stmt"/>
        <line num="303" count="12" type="cond" truecount="1" falsecount="1"/>
        <line num="304" count="10" type="stmt"/>
        <line num="308" count="0" type="stmt"/>
        <line num="313" count="10" type="stmt"/>
        <line num="314" count="10" type="stmt"/>
        <line num="315" count="10" type="stmt"/>
        <line num="317" count="10" type="cond" truecount="3" falsecount="1"/>
        <line num="318" count="10" type="stmt"/>
        <line num="320" count="0" type="stmt"/>
        <line num="329" count="10" type="stmt"/>
        <line num="339" count="12" type="stmt"/>
        <line num="354" count="197" type="stmt"/>
        <line num="356" count="12" type="cond" truecount="2" falsecount="0"/>
        <line num="357" count="4" type="stmt"/>
        <line num="364" count="142" type="stmt"/>
        <line num="366" count="8" type="cond" truecount="2" falsecount="0"/>
        <line num="367" count="6" type="stmt"/>
        <line num="374" count="2" type="stmt"/>
      </file>
    </package>
    <package name="receipt">
      <metrics statements="65" coveredstatements="45" conditionals="99" coveredconditionals="80" methods="7" coveredmethods="7"/>
      <file name="proof-receipt.ts" path="/home/ubuntu/proof-gate/src/receipt/proof-receipt.ts">
        <metrics statements="65" coveredstatements="45" conditionals="99" coveredconditionals="80" methods="7" coveredmethods="7"/>
        <line num="109" count="25" type="stmt"/>
        <line num="113" count="25" type="stmt"/>
        <line num="120" count="12" type="stmt"/>
        <line num="132" count="12" type="cond" truecount="1" falsecount="1"/>
        <line num="133" count="0" type="stmt"/>
        <line num="136" count="12" type="cond" truecount="1" falsecount="1"/>
        <line num="137" count="0" type="stmt"/>
        <line num="140" count="12" type="cond" truecount="1" falsecount="1"/>
        <line num="141" count="0" type="stmt"/>
        <line num="145" count="12" type="stmt"/>
        <line num="148" count="12" type="cond" truecount="2" falsecount="0"/>
        <line num="150" count="1" type="stmt"/>
        <line num="152" count="1" type="cond" truecount="2" falsecount="0"/>
        <line num="158" count="1" type="cond" truecount="1" falsecount="1"/>
        <line num="159" count="0" type="stmt"/>
        <line num="165" count="12" type="cond" truecount="2" falsecount="0"/>
        <line num="166" count="3" type="cond" truecount="1" falsecount="1"/>
        <line num="167" count="0" type="stmt"/>
        <line num="170" count="3" type="cond" truecount="1" falsecount="1"/>
        <line num="171" count="0" type="stmt"/>
        <line num="174" count="3" type="cond" truecount="1" falsecount="1"/>
        <line num="175" count="0" type="stmt"/>
        <line num="179" count="12" type="cond" truecount="2" falsecount="0"/>
        <line num="188" count="1" type="stmt"/>
        <line num="191" count="11" type="cond" truecount="2" falsecount="0"/>
        <line num="193" count="12" type="stmt"/>
        <line num="261" count="12" type="stmt"/>
        <line num="268" count="14" type="stmt"/>
        <line num="270" count="14" type="cond" truecount="2" falsecount="0"/>
        <line num="271" count="6" type="stmt"/>
        <line num="274" count="8" type="cond" truecount="1" falsecount="1"/>
        <line num="278" count="0" type="stmt"/>
        <line num="281" count="8" type="cond" truecount="1" falsecount="1"/>
        <line num="288" count="0" type="stmt"/>
        <line num="291" count="8" type="stmt"/>
        <line num="292" count="8" type="stmt"/>
        <line num="294" count="8" type="cond" truecount="1" falsecount="1"/>
        <line num="295" count="0" type="stmt"/>
        <line num="298" count="0" type="stmt"/>
        <line num="301" count="8" type="cond" truecount="1" falsecount="1"/>
        <line num="305" count="0" type="stmt"/>
        <line num="310" count="8" type="stmt"/>
        <line num="311" count="8" type="stmt"/>
        <line num="313" count="8" type="cond" truecount="4" falsecount="1"/>
        <line num="314" count="0" type="stmt"/>
        <line num="317" count="8" type="cond" truecount="1" falsecount="1"/>
        <line num="318" count="0" type="stmt"/>
        <line num="321" count="8" type="stmt"/>
        <line num="323" count="0" type="stmt"/>
        <line num="326" count="8" type="cond" truecount="1" falsecount="1"/>
        <line num="330" count="0" type="stmt"/>
        <line num="333" count="8" type="cond" truecount="1" falsecount="1"/>
        <line num="342" count="0" type="stmt"/>
        <line num="346" count="8" type="stmt"/>
        <line num="349" count="14" type="cond" truecount="2" falsecount="0"/>
        <line num="351" count="1" type="stmt"/>
        <line num="353" count="1" type="cond" truecount="2" falsecount="0"/>
        <line num="359" count="1" type="cond" truecount="1" falsecount="1"/>
        <line num="360" count="0" type="stmt"/>
        <line num="364" count="8" type="cond" truecount="2" falsecount="0"/>
        <line num="365" count="4" type="cond" truecount="1" falsecount="1"/>
        <line num="370" count="0" type="stmt"/>
        <line num="374" count="8" type="cond" truecount="1" falsecount="1"/>
        <line num="383" count="0" type="stmt"/>
        <line num="386" count="8" type="stmt"/>
      </file>
    </package>
    <package name="security">
      <metrics statements="72" coveredstatements="68" conditionals="12" coveredconditionals="9" methods="13" coveredmethods="12"/>
      <file name="attack-lab.ts" path="/home/ubuntu/proof-gate/src/security/attack-lab.ts">
        <metrics statements="72" coveredstatements="68" conditionals="12" coveredconditionals="9" methods="13" coveredmethods="12"/>
        <line num="43" count="1" type="stmt"/>
        <line num="46" count="1" type="stmt"/>
        <line num="50" count="1" type="stmt"/>
        <line num="55" count="1" type="stmt"/>
        <line num="58" count="1" type="stmt"/>
        <line num="90" count="1" type="stmt"/>
        <line num="105" count="1" type="stmt"/>
        <line num="111" count="1" type="stmt"/>
        <line num="149" count="1" type="stmt"/>
        <line num="167" count="3" type="stmt"/>
        <line num="210" count="3" type="stmt"/>
        <line num="229" count="2" type="stmt"/>
        <line num="263" count="2" type="stmt"/>
        <line num="286" count="11" type="stmt"/>
        <line num="305" count="1" type="stmt"/>
        <line num="312" count="1" type="stmt"/>
        <line num="324" count="1" type="stmt"/>
        <line num="327" count="1" type="stmt"/>
        <line num="330" count="1" type="stmt"/>
        <line num="333" count="1" type="stmt"/>
        <line num="336" count="1" type="stmt"/>
        <line num="349" count="1" type="cond" truecount="1" falsecount="1"/>
        <line num="354" count="25" type="stmt"/>
        <line num="358" count="0" type="stmt"/>
        <line num="364" count="1" type="stmt"/>
        <line num="379" count="1" type="stmt"/>
        <line num="387" count="1" type="stmt"/>
        <line num="392" count="1" type="stmt"/>
        <line num="395" count="1" type="stmt"/>
        <line num="406" count="1" type="stmt"/>
        <line num="408" count="1" type="stmt"/>
        <line num="421" count="1" type="stmt"/>
        <line num="431" count="1" type="stmt"/>
        <line num="442" count="0" type="stmt"/>
        <line num="444" count="0" type="stmt"/>
        <line num="457" count="1" type="stmt"/>
        <line num="466" count="1" type="stmt"/>
        <line num="480" count="1" type="stmt"/>
        <line num="485" count="1" type="stmt"/>
        <line num="501" count="1" type="stmt"/>
        <line num="514" count="1" type="stmt"/>
        <line num="520" count="1" type="stmt"/>
        <line num="536" count="1" type="stmt"/>
        <line num="550" count="1" type="stmt"/>
        <line num="559" count="1" type="stmt"/>
        <line num="575" count="1" type="stmt"/>
        <line num="588" count="1" type="stmt"/>
        <line num="604" count="1" type="stmt"/>
        <line num="617" count="1" type="stmt"/>
        <line num="624" count="1" type="stmt"/>
        <line num="640" count="1" type="stmt"/>
        <line num="653" count="1" type="stmt"/>
        <line num="658" count="1" type="stmt"/>
        <line num="674" count="1" type="stmt"/>
        <line num="687" count="1" type="stmt"/>
        <line num="695" count="1" type="stmt"/>
        <line num="708" count="1" type="stmt"/>
        <line num="721" count="1" type="stmt"/>
        <line num="728" count="1" type="stmt"/>
        <line num="741" count="1" type="stmt"/>
        <line num="754" count="1" type="stmt"/>
        <line num="788" count="1" type="cond" truecount="1" falsecount="1"/>
        <line num="793" count="0" type="stmt"/>
        <line num="799" count="1" type="stmt"/>
        <line num="809" count="1" type="stmt"/>
        <line num="824" count="1" type="stmt"/>
        <line num="826" count="1" type="stmt"/>
        <line num="831" count="1" type="stmt"/>
        <line num="833" count="11" type="stmt"/>
        <line num="838" count="1" type="stmt"/>
        <line num="840" count="10" type="stmt"/>
        <line num="843" count="1" type="stmt"/>
      </file>
    </package>
    <package name="telegraph">
      <metrics statements="226" coveredstatements="196" conditionals="252" coveredconditionals="190" methods="50" coveredmethods="48"/>
      <file name="capability-route.ts" path="/home/ubuntu/proof-gate/src/telegraph/capability-route.ts">
        <metrics statements="7" coveredstatements="7" conditionals="7" coveredconditionals="7" methods="2" coveredmethods="2"/>
        <line num="6" count="2" type="stmt"/>
        <line num="9" count="2" type="stmt"/>
        <line num="31" count="3" type="cond" truecount="2" falsecount="0"/>
        <line num="33" count="4" type="cond" truecount="3" falsecount="0"/>
        <line num="42" count="3" type="cond" truecount="2" falsecount="0"/>
        <line num="43" count="2" type="stmt"/>
        <line num="54" count="1" type="stmt"/>
      </file>
      <file name="engine-ask.ts" path="/home/ubuntu/proof-gate/src/telegraph/engine-ask.ts">
        <metrics statements="1" coveredstatements="1" conditionals="0" coveredconditionals="0" methods="1" coveredmethods="1"/>
        <line num="21" count="2" type="stmt"/>
      </file>
      <file name="routed-evidence.ts" path="/home/ubuntu/proof-gate/src/telegraph/routed-evidence.ts">
        <metrics statements="157" coveredstatements="139" conditionals="185" coveredconditionals="136" methods="36" coveredmethods="34"/>
        <line num="45" count="28" type="cond" truecount="3" falsecount="0"/>
        <line num="49" count="30" type="cond" truecount="2" falsecount="0"/>
        <line num="53" count="10" type="cond" truecount="3" falsecount="0"/>
        <line num="57" count="23" type="stmt"/>
        <line num="58" count="23" type="cond" truecount="2" falsecount="0"/>
        <line num="68" count="112" type="cond" truecount="2" falsecount="0"/>
        <line num="72" count="8" type="cond" truecount="4" falsecount="0"/>
        <line num="73" count="1" type="cond" truecount="1" falsecount="1"/>
        <line num="76" count="7" type="cond" truecount="1" falsecount="1"/>
        <line num="78" count="7" type="stmt"/>
        <line num="80" count="7" type="cond" truecount="1" falsecount="1"/>
        <line num="81" count="0" type="stmt"/>
        <line num="82" count="0" type="cond" truecount="0" falsecount="4"/>
        <line num="87" count="7" type="cond" truecount="2" falsecount="0"/>
        <line num="88" count="1" type="stmt"/>
        <line num="91" count="6" type="cond" truecount="2" falsecount="0"/>
        <line num="101" count="4" type="stmt"/>
        <line num="104" count="2" type="stmt"/>
        <line num="108" count="17" type="stmt"/>
        <line num="112" count="5" type="stmt"/>
        <line num="114" count="4" type="stmt"/>
        <line num="119" count="5" type="stmt"/>
        <line num="120" count="5" type="stmt"/>
        <line num="121" count="5" type="stmt"/>
        <line num="123" count="5" type="stmt"/>
        <line num="124" count="4" type="stmt"/>
        <line num="125" count="4" type="cond" truecount="1" falsecount="1"/>
        <line num="128" count="5" type="stmt"/>
        <line num="129" count="0" type="stmt"/>
        <line num="130" count="0" type="cond" truecount="0" falsecount="2"/>
        <line num="133" count="5" type="cond" truecount="1" falsecount="1"/>
        <line num="134" count="0" type="stmt"/>
        <line num="137" count="5" type="stmt"/>
        <line num="144" count="7" type="stmt"/>
        <line num="145" count="7" type="stmt"/>
        <line num="147" count="7" type="stmt"/>
        <line num="155" count="42" type="stmt"/>
        <line num="158" count="7" type="stmt"/>
        <line num="159" count="35" type="stmt"/>
        <line num="160" count="13" type="stmt"/>
        <line num="163" count="13" type="cond" truecount="2" falsecount="0"/>
        <line num="165" count="11" type="stmt"/>
        <line num="177" count="5" type="stmt"/>
        <line num="179" count="5" type="cond" truecount="2" falsecount="0"/>
        <line num="180" count="1" type="stmt"/>
        <line num="183" count="4" type="stmt"/>
        <line num="185" count="4" type="cond" truecount="2" falsecount="0"/>
        <line num="186" count="1" type="stmt"/>
        <line num="195" count="3" type="stmt"/>
        <line num="196" count="3" type="stmt"/>
        <line num="199" count="3" type="cond" truecount="1" falsecount="1"/>
        <line num="200" count="0" type="stmt"/>
        <line num="210" count="3" type="stmt"/>
        <line num="212" count="3" type="cond" truecount="1" falsecount="1"/>
        <line num="213" count="0" type="stmt"/>
        <line num="222" count="3" type="cond" truecount="2" falsecount="0"/>
        <line num="223" count="1" type="stmt"/>
        <line num="232" count="2" type="stmt"/>
        <line num="233" count="2" type="stmt"/>
        <line num="236" count="2" type="cond" truecount="1" falsecount="1"/>
        <line num="237" count="0" type="stmt"/>
        <line num="247" count="2" type="stmt"/>
        <line num="264" count="1" type="stmt"/>
        <line num="265" count="2" type="stmt"/>
        <line num="267" count="2" type="cond" truecount="2" falsecount="0"/>
        <line num="269" count="1" type="cond" truecount="1" falsecount="1"/>
        <line num="270" count="0" type="stmt"/>
        <line num="279" count="1" type="stmt"/>
        <line num="280" count="1" type="stmt"/>
        <line num="283" count="1" type="cond" truecount="1" falsecount="1"/>
        <line num="284" count="0" type="stmt"/>
        <line num="294" count="1" type="stmt"/>
        <line num="300" count="0" type="stmt"/>
        <line num="309" count="2" type="cond" truecount="4" falsecount="0"/>
        <line num="314" count="2" type="cond" truecount="4" falsecount="0"/>
        <line num="318" count="2" type="cond" truecount="2" falsecount="0"/>
        <line num="321" count="1" type="cond" truecount="1" falsecount="1"/>
        <line num="326" count="2" type="cond" truecount="2" falsecount="0"/>
        <line num="327" count="1" type="cond" truecount="1" falsecount="1"/>
        <line num="331" count="2" type="cond" truecount="2" falsecount="2"/>
        <line num="336" count="2" type="cond" truecount="3" falsecount="1"/>
        <line num="339" count="2" type="cond" truecount="3" falsecount="1"/>
        <line num="344" count="2" type="cond" truecount="2" falsecount="2"/>
        <line num="354" count="2" type="cond" truecount="4" falsecount="1"/>
        <line num="356" count="2" type="stmt"/>
        <line num="365" count="16" type="stmt"/>
        <line num="367" count="16" type="stmt"/>
        <line num="377" count="16" type="stmt"/>
        <line num="379" count="16" type="stmt"/>
        <line num="380" count="73" type="cond" truecount="2" falsecount="0"/>
        <line num="381" count="25" type="cond" truecount="2" falsecount="0"/>
        <line num="383" count="10" type="stmt"/>
        <line num="384" count="10" type="stmt"/>
        <line num="386" count="10" type="cond" truecount="1" falsecount="1"/>
        <line num="388" count="10" type="cond" truecount="2" falsecount="0"/>
        <line num="389" count="1" type="stmt"/>
        <line num="398" count="9" type="stmt"/>
        <line num="404" count="9" type="cond" truecount="2" falsecount="0"/>
        <line num="409" count="3" type="cond" truecount="2" falsecount="0"/>
        <line num="410" count="1" type="stmt"/>
        <line num="416" count="1" type="cond" truecount="1" falsecount="1"/>
        <line num="417" count="1" type="stmt"/>
        <line num="426" count="0" type="cond" truecount="0" falsecount="4"/>
        <line num="427" count="0" type="stmt"/>
        <line num="431" count="2" type="stmt"/>
        <line num="434" count="6" type="stmt"/>
        <line num="443" count="6" type="stmt"/>
        <line num="444" count="5" type="stmt"/>
        <line num="451" count="5" type="cond" truecount="2" falsecount="0"/>
        <line num="454" count="2" type="stmt"/>
        <line num="472" count="9" type="stmt"/>
        <line num="480" count="9" type="stmt"/>
        <line num="482" count="9" type="stmt"/>
        <line num="483" count="39" type="cond" truecount="2" falsecount="0"/>
        <line num="484" count="16" type="cond" truecount="2" falsecount="0"/>
        <line num="486" count="8" type="stmt"/>
        <line num="487" count="8" type="stmt"/>
        <line num="488" count="8" type="stmt"/>
        <line num="490" count="8" type="cond" truecount="2" falsecount="0"/>
        <line num="491" count="6" type="stmt"/>
        <line num="494" count="2" type="stmt"/>
        <line num="503" count="1" type="stmt"/>
        <line num="518" count="6" type="cond" truecount="2" falsecount="0"/>
        <line num="520" count="5" type="stmt"/>
        <line num="521" count="5" type="stmt"/>
        <line num="523" count="5" type="stmt"/>
        <line num="524" count="5" type="cond" truecount="3" falsecount="1"/>
        <line num="525" count="0" type="stmt"/>
        <line num="527" count="5" type="stmt"/>
        <line num="530" count="5" type="stmt"/>
        <line num="537" count="4" type="stmt"/>
        <line num="538" count="4" type="cond" truecount="3" falsecount="1"/>
        <line num="545" count="2" type="stmt"/>
        <line num="547" count="2" type="cond" truecount="6" falsecount="0"/>
        <line num="560" count="2" type="stmt"/>
        <line num="565" count="6" type="stmt"/>
        <line num="566" count="0" type="stmt"/>
        <line num="568" count="2" type="cond" truecount="1" falsecount="1"/>
        <line num="570" count="0" type="stmt"/>
        <line num="573" count="0" type="stmt"/>
        <line num="576" count="2" type="cond" truecount="1" falsecount="1"/>
        <line num="577" count="0" type="stmt"/>
        <line num="580" count="2" type="stmt"/>
        <line num="582" count="2" type="cond" truecount="2" falsecount="0"/>
        <line num="596" count="1" type="stmt"/>
        <line num="599" count="1" type="stmt"/>
        <line num="606" count="3" type="stmt"/>
        <line num="619" count="2" type="stmt"/>
        <line num="621" count="2" type="stmt"/>
        <line num="624" count="2" type="stmt"/>
        <line num="627" count="2" type="stmt"/>
        <line num="630" count="2" type="stmt"/>
        <line num="633" count="2" type="stmt"/>
        <line num="639" count="2" type="stmt"/>
        <line num="671" count="3" type="cond" truecount="2" falsecount="0"/>
        <line num="672" count="2" type="cond" truecount="2" falsecount="0"/>
        <line num="673" count="1" type="stmt"/>
      </file>
      <file name="verification-planner.ts" path="/home/ubuntu/proof-gate/src/telegraph/verification-planner.ts">
        <metrics statements="7" coveredstatements="6" conditionals="2" coveredconditionals="1" methods="1" coveredmethods="1"/>
        <line num="3" count="2" type="stmt"/>
        <line num="24" count="8" type="cond" truecount="1" falsecount="1"/>
        <line num="25" count="0" type="stmt"/>
        <line num="28" count="8" type="stmt"/>
        <line num="29" count="8" type="stmt"/>
        <line num="31" count="8" type="stmt"/>
        <line num="45" count="8" type="stmt"/>
      </file>
      <file name="x402-policy.ts" path="/home/ubuntu/proof-gate/src/telegraph/x402-policy.ts">
        <metrics statements="54" coveredstatements="43" conditionals="58" coveredconditionals="46" methods="10" coveredmethods="10"/>
        <line num="1" count="2" type="stmt"/>
        <line num="62" count="7" type="stmt"/>
        <line num="63" count="7" type="stmt"/>
        <line num="67" count="14" type="cond" truecount="3" falsecount="0"/>
        <line num="71" count="9" type="stmt"/>
        <line num="75" count="3" type="stmt"/>
        <line num="82" count="3" type="cond" truecount="3" falsecount="0"/>
        <line num="86" count="4" type="stmt"/>
        <line num="88" count="4" type="cond" truecount="1" falsecount="1"/>
        <line num="89" count="0" type="stmt"/>
        <line num="92" count="4" type="cond" truecount="1" falsecount="1"/>
        <line num="93" count="0" type="stmt"/>
        <line num="96" count="4" type="cond" truecount="1" falsecount="1"/>
        <line num="97" count="0" type="stmt"/>
        <line num="100" count="4" type="stmt"/>
        <line num="101" count="7" type="cond" truecount="1" falsecount="1"/>
        <line num="102" count="0" type="stmt"/>
        <line num="105" count="7" type="stmt"/>
        <line num="115" count="7" type="cond" truecount="1" falsecount="1"/>
        <line num="124" count="0" type="stmt"/>
        <line num="127" count="7" type="stmt"/>
        <line num="130" count="4" type="stmt"/>
        <line num="140" count="4" type="cond" truecount="1" falsecount="1"/>
        <line num="141" count="0" type="stmt"/>
        <line num="147" count="4" type="stmt"/>
        <line num="149" count="4" type="cond" truecount="3" falsecount="0"/>
        <line num="154" count="4" type="cond" truecount="2" falsecount="0"/>
        <line num="155" count="1" type="stmt"/>
        <line num="161" count="3" type="cond" truecount="2" falsecount="0"/>
        <line num="162" count="1" type="stmt"/>
        <line num="169" count="2" type="cond" truecount="1" falsecount="1"/>
        <line num="170" count="0" type="stmt"/>
        <line num="177" count="2" type="stmt"/>
        <line num="179" count="2" type="cond" truecount="2" falsecount="0"/>
        <line num="180" count="1" type="stmt"/>
        <line num="187" count="1" type="stmt"/>
        <line num="197" count="3" type="cond" truecount="1" falsecount="1"/>
        <line num="198" count="0" type="stmt"/>
        <line num="209" count="3" type="stmt"/>
        <line num="210" count="3" type="stmt"/>
        <line num="212" count="0" type="stmt"/>
        <line num="221" count="3" type="cond" truecount="1" falsecount="1"/>
        <line num="222" count="0" type="stmt"/>
        <line num="231" count="3" type="stmt"/>
        <line num="232" count="3" type="cond" truecount="4" falsecount="0"/>
        <line num="235" count="3" type="cond" truecount="2" falsecount="0"/>
        <line num="239" count="3" type="cond" truecount="2" falsecount="0"/>
        <line num="240" count="1" type="stmt"/>
        <line num="249" count="2" type="cond" truecount="1" falsecount="1"/>
        <line num="251" count="3" type="cond" truecount="2" falsecount="0"/>
        <line num="252" count="1" type="stmt"/>
        <line num="261" count="1" type="cond" truecount="1" falsecount="1"/>
        <line num="262" count="1" type="stmt"/>
        <line num="271" count="0" type="stmt"/>
      </file>
    </package>
  </project>
</coverage>
